This is pdfTeX, Version 3.141592653-2.6-1.40.22 (TeX Live 2022/dev/Debian) (preloaded format=pdflatex 2025.3.25)  18 AUG 2025 12:56
entering extended mode
 restricted \write18 enabled.
 %&-line parsing enabled.
**refman
(./refman.tex
LaTeX2e <2021-11-15> patch level 1
L3 programming layer <2022-01-21>
(/usr/share/texlive/texmf-dist/tex/latex/base/book.cls
Document Class: book 2021/10/04 v1.4n Standard LaTeX document class
(/usr/share/texlive/texmf-dist/tex/latex/base/bk10.clo
File: bk10.clo 2021/10/04 v1.4n Standard LaTeX file (size option)
)
\c@part=\count185
\c@chapter=\count186
\c@section=\count187
\c@subsection=\count188
\c@subsubsection=\count189
\c@paragraph=\count190
\c@subparagraph=\count191
\c@figure=\count192
\c@table=\count193
\abovecaptionskip=\skip47
\belowcaptionskip=\skip48
\bibindent=\dimen138
) (/usr/share/texlive/texmf-dist/tex/latex/base/ifthen.sty
Package: ifthen 2020/11/24 v1.1c Standard LaTeX ifthen package (DPC)
) (/usr/share/texlive/texmf-dist/tex/latex/tools/array.sty
Rollback for package 'array' requested -> date 2016-10-06.
         Best approximation is the release introduced on 2016-10-06.
(/usr/share/texlive/texmf-dist/tex/latex/tools/array-2016-10-06.sty
Package: array 2016/10/06 v2.4d Tabular extension package (FMi)
\col@sep=\dimen139
\extrarowheight=\dimen140
\NC@list=\toks16
\extratabsurround=\skip49
\backup@length=\skip50
)) (/usr/share/texlive/texmf-dist/tex/latex/base/fixltx2e.sty
Package: fixltx2e 2016/12/29 v2.1a fixes to LaTeX (obsolete)
Applying: [2015/01/01] Old fixltx2e package on input line 46.

Package fixltx2e Warning: fixltx2e is not required with releases after 2015
(fixltx2e)                All fixes are now in the LaTeX kernel.
(fixltx2e)                See the latexrelease package for details.

Already applied: [0000/00/00] Old fixltx2e package on input line 53.
) (./doxygen.sty
Package: doxygen 
(/usr/share/texlive/texmf-dist/tex/latex/base/alltt.sty
Package: alltt 2021/01/29 v2.0g defines alltt environment
) (/usr/share/texlive/texmf-dist/tex/latex/tools/calc.sty
Package: calc 2017/05/25 v4.3 Infix arithmetic (KKT,FJ)
\calc@Acount=\count194
\calc@Bcount=\count195
\calc@Adimen=\dimen141
\calc@Bdimen=\dimen142
\calc@Askip=\skip51
\calc@Bskip=\skip52
LaTeX Info: Redefining \setlength on input line 80.
LaTeX Info: Redefining \addtolength on input line 81.
\calc@Ccount=\count196
\calc@Cskip=\skip53
) (/usr/share/texlive/texmf-dist/tex/latex/float/float.sty
Package: float 2001/11/08 v1.3d Float enhancements (AL)
\c@float@type=\count197
\float@exts=\toks17
\float@box=\box50
\@float@everytoks=\toks18
\@floatcapt=\box51
) (/usr/share/texlive/texmf-dist/tex/latex/tools/verbatim.sty
Package: verbatim 2020-07-07 v1.5u LaTeX2e package for verbatim enhancements
\every@verbatim=\toks19
\verbatim@line=\toks20
\verbatim@in@stream=\read2
) (/usr/share/texlive/texmf-dist/tex/latex/xcolor/xcolor.sty
Package: xcolor 2021/10/31 v2.13 LaTeX color extensions (UK)
(/usr/share/texlive/texmf-dist/tex/latex/graphics-cfg/color.cfg
File: color.cfg 2016/01/02 v1.6 sample color configuration
)
Package xcolor Info: Driver file: pdftex.def on input line 227.
(/usr/share/texlive/texmf-dist/tex/latex/graphics-def/pdftex.def
File: pdftex.def 2020/10/05 v1.2a Graphics/color driver for pdftex
) (/usr/share/texlive/texmf-dist/tex/latex/colortbl/colortbl.sty
Package: colortbl 2020/01/04 v1.0e Color table columns (DPC)
\everycr=\toks21
\minrowclearance=\skip54
)
\rownum=\count198
Package xcolor Info: Model `cmy' substituted by `cmy0' on input line 1352.
Package xcolor Info: Model `hsb' substituted by `rgb' on input line 1356.
Package xcolor Info: Model `RGB' extended on input line 1368.
Package xcolor Info: Model `HTML' substituted by `rgb' on input line 1370.
Package xcolor Info: Model `Hsb' substituted by `hsb' on input line 1371.
Package xcolor Info: Model `tHsb' substituted by `hsb' on input line 1372.
Package xcolor Info: Model `HSB' substituted by `hsb' on input line 1373.
Package xcolor Info: Model `Gray' substituted by `gray' on input line 1374.
Package xcolor Info: Model `wave' substituted by `hsb' on input line 1375.
) (./longtable_doxygen.sty
Package: longtable_doxygen 2014/10/28 v4.11 Multi-page Table package (DPC) - fr
ozen version for doxygen
\LTleft=\skip55
\LTright=\skip56
\LTpre=\skip57
\LTpost=\skip58
\LTchunksize=\count199
\LTcapwidth=\dimen143
\LT@head=\box52
\LT@firsthead=\box53
\LT@foot=\box54
\LT@lastfoot=\box55
\LT@cols=\count266
\LT@rows=\count267
\c@LT@tables=\count268
\c@LT@chunks=\count269
\LT@p@ftn=\toks22
) (./tabu_doxygen.sty
Package: tabu_doxygen 2011/02/26 v2.8 - flexible LaTeX tabulars (FC), frozen ve
rsion for doxygen
(/usr/share/texlive/texmf-dist/tex/latex/varwidth/varwidth.sty
Package: varwidth 2009/03/30 ver 0.92;  Variable-width minipages
\@vwid@box=\box56
\sift@deathcycles=\count270
\@vwid@loff=\dimen144
\@vwid@roff=\dimen145
)
\c@taburow=\count271
\tabu@nbcols=\count272
\tabu@cnt=\count273
\tabu@Xcol=\count274
\tabu@alloc=\count275
\tabu@nested=\count276
\tabu@target=\dimen146
\tabu@spreadtarget=\dimen147
\tabu@naturalX=\dimen148
\tabucolX=\dimen149
\tabu@Xsum=\dimen150
\extrarowdepth=\dimen151
\abovetabulinesep=\dimen152
\belowtabulinesep=\dimen153
\tabustrutrule=\dimen154
\tabu@thebody=\toks23
\tabu@footnotes=\toks24
\tabu@box=\box57
\tabu@arstrutbox=\box58
\tabu@hleads=\box59
\tabu@vleads=\box60
\tabu@cellskip=\skip59
) (/usr/share/texlive/texmf-dist/tex/latex/fancyvrb/fancyvrb.sty
Package: fancyvrb 2021/12/21 4.1b verbatim text (tvz,hv)
(/usr/share/texlive/texmf-dist/tex/latex/graphics/keyval.sty
Package: keyval 2014/10/28 v1.15 key=value parser (DPC)
\KV@toks@=\toks25
)
\FV@CodeLineNo=\count277
\FV@InFile=\read3
\FV@TabBox=\box61
\c@FancyVerbLine=\count278
\FV@StepNumber=\count279
\FV@OutFile=\write3
) (/usr/share/texlive/texmf-dist/tex/latex/tools/tabularx.sty
Package: tabularx 2020/01/15 v2.11c `tabularx' package (DPC)
\TX@col@width=\dimen155
\TX@old@table=\dimen156
\TX@old@col=\dimen157
\TX@target=\dimen158
\TX@delta=\dimen159
\TX@cols=\count280
\TX@ftn=\toks26
) (/usr/share/texlive/texmf-dist/tex/latex/tools/multicol.sty
Package: multicol 2021/10/28 v1.9b multicolumn formatting (FMi)
\c@tracingmulticols=\count281
\mult@box=\box62
\multicol@leftmargin=\dimen160
\c@unbalance=\count282
\c@collectmore=\count283
\doublecol@number=\count284
\multicoltolerance=\count285
\multicolpretolerance=\count286
\full@width=\dimen161
\page@free=\dimen162
\premulticols=\dimen163
\postmulticols=\dimen164
\multicolsep=\skip60
\multicolbaselineskip=\skip61
\partial@page=\box63
\last@line=\box64
\maxbalancingoverflow=\dimen165
\mult@rightbox=\box65
\mult@grightbox=\box66
\mult@firstbox=\box67
\mult@gfirstbox=\box68
\@tempa=\box69
\@tempa=\box70
\@tempa=\box71
\@tempa=\box72
\@tempa=\box73
\@tempa=\box74
\@tempa=\box75
\@tempa=\box76
\@tempa=\box77
\@tempa=\box78
\@tempa=\box79
\@tempa=\box80
\@tempa=\box81
\@tempa=\box82
\@tempa=\box83
\@tempa=\box84
\@tempa=\box85
\@tempa=\box86
\@tempa=\box87
\@tempa=\box88
\@tempa=\box89
\@tempa=\box90
\@tempa=\box91
\@tempa=\box92
\@tempa=\box93
\@tempa=\box94
\@tempa=\box95
\@tempa=\box96
\@tempa=\box97
\@tempa=\box98
\@tempa=\box99
\@tempa=\box100
\@tempa=\box101
\@tempa=\box102
\@tempa=\box103
\@tempa=\box104
\c@minrows=\count287
\c@columnbadness=\count288
\c@finalcolumnbadness=\count289
\last@try=\dimen166
\multicolovershoot=\dimen167
\multicolundershoot=\dimen168
\mult@nat@firstbox=\box105
\colbreak@box=\box106
\mc@col@check@num=\count290
) (/usr/share/texlive/texmf-dist/tex/latex/multirow/multirow.sty
Package: multirow 2021/03/15 v2.8 Span multiple rows of a table
\multirow@colwidth=\skip62
\multirow@cntb=\count291
\multirow@dima=\skip63
\bigstrutjot=\dimen169
) (/usr/share/texlive/texmf-dist/tex/latex/hanging/hanging.sty
Package: hanging 2009/09/02 v1.2b hanging paragraphs and punctuation
\h@ngcommawd=\skip64
\h@ngfstopwd=\skip65
\h@ngquotewd=\skip66
\h@ngdquotewd=\skip67
\h@ngquerywd=\skip68
\h@ngexclwd=\skip69
\h@ngcolonwd=\skip70
\h@ngscolonwd=\skip71
) (/usr/share/texlive/texmf-dist/tex/generic/iftex/ifpdf.sty
Package: ifpdf 2019/10/25 v3.4 ifpdf legacy package. Use iftex instead.
(/usr/share/texlive/texmf-dist/tex/generic/iftex/iftex.sty
Package: iftex 2020/03/06 v1.0d TeX engine tests
)) (/usr/share/texlive/texmf-dist/tex/latex/adjustbox/adjustbox.sty
Package: adjustbox 2020/08/19 v1.3 Adjusting TeX boxes (trim, clip, ...)
(/usr/share/texlive/texmf-dist/tex/latex/xkeyval/xkeyval.sty
Package: xkeyval 2020/11/20 v2.8 package option processing (HA)
(/usr/share/texlive/texmf-dist/tex/generic/xkeyval/xkeyval.tex (/usr/share/texl
ive/texmf-dist/tex/generic/xkeyval/xkvutils.tex
\XKV@toks=\toks27
\XKV@tempa@toks=\toks28
)
\XKV@depth=\count292
File: xkeyval.tex 2014/12/03 v2.7a key=value parser (HA)
)) (/usr/share/texlive/texmf-dist/tex/latex/adjustbox/adjcalc.sty
Package: adjcalc 2012/05/16 v1.1 Provides advanced setlength with multiple back
-ends (calc, etex, pgfmath)
) (/usr/share/texlive/texmf-dist/tex/latex/adjustbox/trimclip.sty
Package: trimclip 2020/08/19 v1.2 Trim and clip general TeX material
(/usr/share/texlive/texmf-dist/tex/latex/graphics/graphicx.sty
Package: graphicx 2021/09/16 v1.2d Enhanced LaTeX Graphics (DPC,SPQR)
(/usr/share/texlive/texmf-dist/tex/latex/graphics/graphics.sty
Package: graphics 2021/03/04 v1.4d Standard LaTeX Graphics (DPC,SPQR)
(/usr/share/texlive/texmf-dist/tex/latex/graphics/trig.sty
Package: trig 2021/08/11 v1.11 sin cos tan (DPC)
) (/usr/share/texlive/texmf-dist/tex/latex/graphics-cfg/graphics.cfg
File: graphics.cfg 2016/06/04 v1.11 sample graphics configuration
)
Package graphics Info: Driver file: pdftex.def on input line 107.
)
\Gin@req@height=\dimen170
\Gin@req@width=\dimen171
) (/usr/share/texlive/texmf-dist/tex/latex/collectbox/collectbox.sty
Package: collectbox 2012/05/17 v0.4b Collect macro arguments as boxes
\collectedbox=\box107
)
\tc@llx=\dimen172
\tc@lly=\dimen173
\tc@urx=\dimen174
\tc@ury=\dimen175
Package trimclip Info: Using driver 'tc-pdftex.def'.
(/usr/share/texlive/texmf-dist/tex/latex/adjustbox/tc-pdftex.def
File: tc-pdftex.def 2019/01/04 v2.2 Clipping driver for pdftex
))
\adjbox@Width=\dimen176
\adjbox@Height=\dimen177
\adjbox@Depth=\dimen178
\adjbox@Totalheight=\dimen179
\adjbox@pwidth=\dimen180
\adjbox@pheight=\dimen181
\adjbox@pdepth=\dimen182
\adjbox@ptotalheight=\dimen183
(/usr/share/texlive/texmf-dist/tex/latex/ifoddpage/ifoddpage.sty
Package: ifoddpage 2016/04/23 v1.1 Conditionals for odd/even page detection
\c@checkoddpage=\count293
)) (/usr/share/texlive/texmf-dist/tex/latex/amsfonts/amssymb.sty
Package: amssymb 2013/01/14 v3.01 AMS font symbols
(/usr/share/texlive/texmf-dist/tex/latex/amsfonts/amsfonts.sty
Package: amsfonts 2013/01/14 v3.01 Basic AMSFonts support
\@emptytoks=\toks29
\symAMSa=\mathgroup4
\symAMSb=\mathgroup5
LaTeX Font Info:    Redeclaring math symbol \hbar on input line 98.
LaTeX Font Info:    Overwriting math alphabet `\mathfrak' in version `bold'
(Font)                  U/euf/m/n --> U/euf/b/n on input line 106.
)) (/usr/share/texlive/texmf-dist/tex/latex/stackengine/stackengine.sty
Package: stackengine 2021/07/22 v4.11\ Stacking text and objects in convenient 
ways
(/usr/share/texlive/texmf-dist/tex/latex/etoolbox/etoolbox.sty
Package: etoolbox 2020/10/05 v2.5k e-TeX tools for LaTeX (JAW)
\etb@tempcnta=\count294
) (/usr/share/texlive/texmf-dist/tex/generic/listofitems/listofitems.sty (/usr/
share/texlive/texmf-dist/tex/generic/listofitems/listofitems.tex
\loi_cnt_foreach_nest=\count295
\loi_nestcnt=\count296
)
Package: listofitems 2019/08/21 v1.63 Grab items in lists using user-specified 
sep char (CT)
)
\c@@stackindex=\count297
\@boxshift=\skip72
\stack@tmplength=\skip73
\temp@stkl=\skip74
\@stackedboxwidth=\skip75
\@addedbox=\box108
\@anchorbox=\box109
\@insetbox=\box110
\se@backgroundbox=\box111
\stackedbox=\box112
\@centerbox=\box113
\c@ROWcellindex@=\count298
) (/usr/share/texlive/texmf-dist/tex/generic/ulem/ulem.sty
\UL@box=\box114
\UL@hyphenbox=\box115
\UL@skip=\skip76
\UL@hook=\toks30
\UL@height=\dimen184
\UL@pe=\count299
\UL@pixel=\dimen185
\ULC@box=\box116
Package: ulem 2019/11/18
\ULdepth=\dimen186
)
\xrefbox=\box117
\xreflength=\skip77
\CodeWidthChar=\skip78
\CodeHeightChar=\skip79
\DoxyCodeWidth=\skip80
) (/usr/share/texlive/texmf-dist/tex/latex/base/inputenc.sty
Package: inputenc 2021/02/14 v1.3d Input encoding file
\inpenc@prehook=\toks31
\inpenc@posthook=\toks32
) (/usr/share/texlive/texmf-dist/tex/latex/base/makeidx.sty
Package: makeidx 2021/10/04 v1.0m Standard LaTeX package
) (/usr/share/texlive/texmf-dist/tex/latex/base/textcomp.sty
Package: textcomp 2020/02/02 v2.0n Standard LaTeX package
) (/usr/share/texlive/texmf-dist/tex/latex/wasysym/wasysym.sty
Package: wasysym 2020/01/19 v2.4 Wasy-2 symbol support package
\symwasy=\mathgroup6
LaTeX Font Info:    Overwriting symbol font `wasy' in version `bold'
(Font)                  U/wasy/m/n --> U/wasy/b/n on input line 93.
) (/usr/share/texlive/texmf-dist/tex/generic/iftex/ifxetex.sty
Package: ifxetex 2019/10/25 v0.7 ifxetex legacy package. Use iftex instead.
) (/usr/share/texlive/texmf-dist/tex/latex/base/fontenc.sty
Package: fontenc 2021/04/29 v2.0v Standard LaTeX package
) (/usr/share/texlive/texmf-dist/tex/latex/psnfss/helvet.sty
Package: helvet 2020/03/25 PSNFSS-v9.3 (WaS) 
) (/usr/share/texlive/texmf-dist/tex/latex/psnfss/courier.sty
Package: courier 2020/03/25 PSNFSS-v9.3 (WaS) 
) (/usr/share/texlive/texmf-dist/tex/latex/sectsty/sectsty.sty
Package: sectsty 2002/02/25 v2.0.2 Commands to change all sectional heading sty
les

LaTeX Warning: Command \underbar  has changed.
               Check if current package is valid.


LaTeX Warning: Command \underline  has changed.
               Check if current package is valid.

) (/usr/share/texlive/texmf-dist/tex/latex/geometry/geometry.sty
Package: geometry 2020/01/02 v5.9 Page Geometry
(/usr/share/texlive/texmf-dist/tex/generic/iftex/ifvtex.sty
Package: ifvtex 2019/10/25 v1.7 ifvtex legacy package. Use iftex instead.
)
\Gm@cnth=\count300
\Gm@cntv=\count301
\c@Gm@tempcnt=\count302
\Gm@bindingoffset=\dimen187
\Gm@wd@mp=\dimen188
\Gm@odd@mp=\dimen189
\Gm@even@mp=\dimen190
\Gm@layoutwidth=\dimen191
\Gm@layoutheight=\dimen192
\Gm@layouthoffset=\dimen193
\Gm@layoutvoffset=\dimen194
\Gm@dimlist=\toks33
) (/usr/share/texlive/texmf-dist/tex/latex/fancyhdr/fancyhdr.sty
Package: fancyhdr 2021/01/28 v4.0.1 Extensive control of page headers and foote
rs
\f@nch@headwidth=\skip81
\f@nch@O@elh=\skip82
\f@nch@O@erh=\skip83
\f@nch@O@olh=\skip84
\f@nch@O@orh=\skip85
\f@nch@O@elf=\skip86
\f@nch@O@erf=\skip87
\f@nch@O@olf=\skip88
\f@nch@O@orf=\skip89
) (/usr/share/texlive/texmf-dist/tex/latex/natbib/natbib.sty
Package: natbib 2010/09/13 8.31b (PWD, AO)
\bibhang=\skip90
\bibsep=\skip91
LaTeX Info: Redefining \cite on input line 694.
\c@NAT@ctr=\count303
) (/usr/share/texlive/texmf-dist/tex/latex/tocloft/tocloft.sty
Package: tocloft 2017/08/31 v2.3i parameterised ToC, etc., typesetting
Package tocloft Info: The document has chapter divisions on input line 51.
\cftparskip=\skip92
\cftbeforetoctitleskip=\skip93
\cftaftertoctitleskip=\skip94
\cftbeforepartskip=\skip95
\cftpartnumwidth=\skip96
\cftpartindent=\skip97
\cftbeforechapskip=\skip98
\cftchapindent=\skip99
\cftchapnumwidth=\skip100
\cftbeforesecskip=\skip101
\cftsecindent=\skip102
\cftsecnumwidth=\skip103
\cftbeforesubsecskip=\skip104
\cftsubsecindent=\skip105
\cftsubsecnumwidth=\skip106
\cftbeforesubsubsecskip=\skip107
\cftsubsubsecindent=\skip108
\cftsubsubsecnumwidth=\skip109
\cftbeforeparaskip=\skip110
\cftparaindent=\skip111
\cftparanumwidth=\skip112
\cftbeforesubparaskip=\skip113
\cftsubparaindent=\skip114
\cftsubparanumwidth=\skip115
\cftbeforeloftitleskip=\skip116
\cftafterloftitleskip=\skip117
\cftbeforefigskip=\skip118
\cftfigindent=\skip119
\cftfignumwidth=\skip120
\c@lofdepth=\count304
\c@lotdepth=\count305
\cftbeforelottitleskip=\skip121
\cftafterlottitleskip=\skip122
\cftbeforetabskip=\skip123
\cfttabindent=\skip124
\cfttabnumwidth=\skip125
)
\@indexfile=\write4
\openout4 = `refman.idx'.

Writing index file refman.idx
(/usr/share/texlive/texmf-dist/tex/latex/newunicodechar/newunicodechar.sty
Package: newunicodechar 2018/04/08 v1.2 Defining Unicode characters
)

Package newunicodechar Warning: Redefining Unicode character on input line 116.



Package newunicodechar Warning: Redefining Unicode character on input line 117.


(/usr/share/texlive/texmf-dist/tex/latex/hyperref/hyperref.sty
Package: hyperref 2021-06-07 v7.00m Hypertext links for LaTeX
(/usr/share/texlive/texmf-dist/tex/generic/ltxcmds/ltxcmds.sty
Package: ltxcmds 2020-05-10 v1.25 LaTeX kernel commands for general use (HO)
) (/usr/share/texlive/texmf-dist/tex/generic/pdftexcmds/pdftexcmds.sty
Package: pdftexcmds 2020-06-27 v0.33 Utility functions of pdfTeX for LuaTeX (HO
)
(/usr/share/texlive/texmf-dist/tex/generic/infwarerr/infwarerr.sty
Package: infwarerr 2019/12/03 v1.5 Providing info/warning/error messages (HO)
)
Package pdftexcmds Info: \pdf@primitive is available.
Package pdftexcmds Info: \pdf@ifprimitive is available.
Package pdftexcmds Info: \pdfdraftmode found.
) (/usr/share/texlive/texmf-dist/tex/generic/kvsetkeys/kvsetkeys.sty
Package: kvsetkeys 2019/12/15 v1.18 Key value parser (HO)
) (/usr/share/texlive/texmf-dist/tex/generic/kvdefinekeys/kvdefinekeys.sty
Package: kvdefinekeys 2019-12-19 v1.6 Define keys (HO)
) (/usr/share/texlive/texmf-dist/tex/generic/pdfescape/pdfescape.sty
Package: pdfescape 2019/12/09 v1.15 Implements pdfTeX's escape features (HO)
) (/usr/share/texlive/texmf-dist/tex/latex/hycolor/hycolor.sty
Package: hycolor 2020-01-27 v1.10 Color options for hyperref/bookmark (HO)
) (/usr/share/texlive/texmf-dist/tex/latex/letltxmacro/letltxmacro.sty
Package: letltxmacro 2019/12/03 v1.6 Let assignment for LaTeX macros (HO)
) (/usr/share/texlive/texmf-dist/tex/latex/auxhook/auxhook.sty
Package: auxhook 2019-12-17 v1.6 Hooks for auxiliary files (HO)
) (/usr/share/texlive/texmf-dist/tex/latex/kvoptions/kvoptions.sty
Package: kvoptions 2020-10-07 v3.14 Key value format for package options (HO)
)
\@linkdim=\dimen195
\Hy@linkcounter=\count306
\Hy@pagecounter=\count307
(/usr/share/texlive/texmf-dist/tex/latex/hyperref/pd1enc.def
File: pd1enc.def 2021-06-07 v7.00m Hyperref: PDFDocEncoding definition (HO)
Now handling font encoding PD1 ...
... no UTF-8 mapping file for font encoding PD1
) (/usr/share/texlive/texmf-dist/tex/latex/hyperref/hyperref-langpatches.def
File: hyperref-langpatches.def 2021-06-07 v7.00m Hyperref: patches for babel la
nguages
) (/usr/share/texlive/texmf-dist/tex/generic/intcalc/intcalc.sty
Package: intcalc 2019/12/15 v1.3 Expandable calculations with integers (HO)
) (/usr/share/texlive/texmf-dist/tex/generic/etexcmds/etexcmds.sty
Package: etexcmds 2019/12/15 v1.7 Avoid name clashes with e-TeX commands (HO)
)
\Hy@SavedSpaceFactor=\count308
(/usr/share/texlive/texmf-dist/tex/latex/hyperref/puenc.def
File: puenc.def 2021-06-07 v7.00m Hyperref: PDF Unicode definition (HO)
Now handling font encoding PU ...
... no UTF-8 mapping file for font encoding PU
)
Package hyperref Info: Hyper figures OFF on input line 4192.
Package hyperref Info: Link nesting OFF on input line 4197.
Package hyperref Info: Hyper index ON on input line 4200.
Package hyperref Info: Plain pages OFF on input line 4207.
Package hyperref Info: Backreferencing ON on input line 4210.
Package hyperref Info: Implicit mode ON; LaTeX internals redefined.
Package hyperref Info: Bookmarks ON on input line 4445.
(/usr/share/texlive/texmf-dist/tex/latex/hyperref/backref.sty
Package: backref 2021/02/04 v1.41 Bibliographical back referencing
(/usr/share/texlive/texmf-dist/tex/latex/rerunfilecheck/rerunfilecheck.sty
Package: rerunfilecheck 2019/12/05 v1.9 Rerun checks for auxiliary files (HO)
(/usr/share/texlive/texmf-dist/tex/latex/base/atveryend-ltx.sty
Package: atveryend-ltx 2020/08/19 v1.0a Emulation of the original atveryend pac
kage
with kernel methods
) (/usr/share/texlive/texmf-dist/tex/generic/uniquecounter/uniquecounter.sty
Package: uniquecounter 2019/12/15 v1.4 Provide unlimited unique counter (HO)
(/usr/share/texlive/texmf-dist/tex/generic/bigintcalc/bigintcalc.sty
Package: bigintcalc 2019/12/15 v1.5 Expandable calculations on big integers (HO
)
))
Package uniquecounter Info: New unique counter `rerunfilecheck' on input line 2
86.
))
\c@Hy@tempcnt=\count309
(/usr/share/texlive/texmf-dist/tex/latex/url/url.sty
\Urlmuskip=\muskip16
Package: url 2013/09/16  ver 3.4  Verb mode for urls, etc.
)
LaTeX Info: Redefining \url on input line 4804.
\XeTeXLinkMargin=\dimen196
(/usr/share/texlive/texmf-dist/tex/generic/bitset/bitset.sty
Package: bitset 2019/12/09 v1.3 Handle bit-vector datatype (HO)
)
\Fld@menulength=\count310
\Field@Width=\dimen197
\Fld@charsize=\dimen198
Package hyperref Info: Hyper figures OFF on input line 6076.
Package hyperref Info: Link nesting OFF on input line 6081.
Package hyperref Info: Hyper index ON on input line 6084.
Package hyperref Info: backreferencing ON on input line 6089.
Package hyperref Info: Link coloring OFF on input line 6096.
Package hyperref Info: Link coloring with OCG OFF on input line 6101.
Package hyperref Info: PDF/A mode OFF on input line 6106.
LaTeX Info: Redefining \ref on input line 6146.
LaTeX Info: Redefining \pageref on input line 6150.
(/usr/share/texlive/texmf-dist/tex/latex/base/atbegshi-ltx.sty
Package: atbegshi-ltx 2021/01/10 v1.0c Emulation of the original atbegshi
package with kernel methods
)
\Hy@abspage=\count311
\c@Item=\count312
\c@Hfootnote=\count313

LaTeX Warning: Command \LT@p@ftntext  has changed.
               Check if current package is valid.

)
Package hyperref Info: Driver: hpdftex.
(/usr/share/texlive/texmf-dist/tex/latex/hyperref/hpdftex.def
File: hpdftex.def 2021-06-07 v7.00m Hyperref driver for pdfTeX
\Fld@listcount=\count314
\c@bookmark@seq@number=\count315
\Hy@SectionHShift=\skip126
)
Package hyperref Info: Option `colorlinks' set `true' on input line 135.
Package hyperref Info: Option `unicode' set `true' on input line 135.
(/usr/share/texlive/texmf-dist/tex/latex/caption/caption.sty
Package: caption 2020/10/26 v3.5g Customizing captions (AR)
(/usr/share/texlive/texmf-dist/tex/latex/caption/caption3.sty
Package: caption3 2020/10/21 v2.2e caption3 kernel (AR)
\captionmargin=\dimen199
\captionmargin@=\dimen256
\captionwidth=\dimen257
\caption@tempdima=\dimen258
\caption@indent=\dimen259
\caption@parindent=\dimen260
\caption@hangindent=\dimen261
Package caption Info: Standard document class detected.
)
\c@caption@flags=\count316
\c@continuedfloat=\count317
Package caption Info: float package is loaded.
Package caption Info: hyperref package is loaded.
Package caption Info: longtable package is loaded.
(/usr/share/texlive/texmf-dist/tex/latex/caption/ltcaption.sty
Package: ltcaption 2020/05/30 v1.4b longtable captions (AR)
)) (/usr/share/texlive/texmf-dist/tex/latex/etoc/etoc.sty
Package: etoc 2021/09/23 v1.09e Completely customisable TOCs (JFB)
\Etoc@toctoks=\toks34
\c@etoc@tocid=\count318
\c@etoc@tocdepth=\count319
\etoc@framed@titlebox=\box118
\etoc@framed@contentsbox=\box119
)
LaTeX Font Info:    Trying to load font information for T1+phv on input line 15
0.
(/usr/share/texlive/texmf-dist/tex/latex/psnfss/t1phv.fd
File: t1phv.fd 2020/03/25 scalable font definitions for T1/phv.
)
LaTeX Font Info:    Font shape `T1/phv/m/n' will be
(Font)              scaled to size 8.99994pt on input line 150.
(/usr/share/texlive/texmf-dist/tex/latex/l3backend/l3backend-pdftex.def
File: l3backend-pdftex.def 2022-01-12 L3 backend support: PDF output (pdfTeX)
\l__color_backend_stack_int=\count320
\l__pdf_internal_box=\box120
) (./refman.aux

LaTeX Warning: Label `classLRUCache_a2c89f2a33f7ddfaabab844533fa9ad00' multiply
 defined.

)
\openout1 = `refman.aux'.

LaTeX Font Info:    Checking defaults for OML/cmm/m/it on input line 150.
LaTeX Font Info:    ... okay on input line 150.
LaTeX Font Info:    Checking defaults for OMS/cmsy/m/n on input line 150.
LaTeX Font Info:    ... okay on input line 150.
LaTeX Font Info:    Checking defaults for OT1/cmr/m/n on input line 150.
LaTeX Font Info:    ... okay on input line 150.
LaTeX Font Info:    Checking defaults for T1/cmr/m/n on input line 150.
LaTeX Font Info:    ... okay on input line 150.
LaTeX Font Info:    Checking defaults for TS1/cmr/m/n on input line 150.
LaTeX Font Info:    ... okay on input line 150.
LaTeX Font Info:    Checking defaults for OMX/cmex/m/n on input line 150.
LaTeX Font Info:    ... okay on input line 150.
LaTeX Font Info:    Checking defaults for U/cmr/m/n on input line 150.
LaTeX Font Info:    ... okay on input line 150.
LaTeX Font Info:    Checking defaults for PD1/pdf/m/n on input line 150.
LaTeX Font Info:    ... okay on input line 150.
LaTeX Font Info:    Checking defaults for PU/pdf/m/n on input line 150.
LaTeX Font Info:    ... okay on input line 150.
(/usr/share/texlive/texmf-dist/tex/context/base/mkii/supp-pdf.mkii
[Loading MPS to PDF converter (version 2006.09.02).]
\scratchcounter=\count321
\scratchdimen=\dimen262
\scratchbox=\box121
\nofMPsegments=\count322
\nofMParguments=\count323
\everyMPshowfont=\toks35
\MPscratchCnt=\count324
\MPscratchDim=\dimen263
\MPnumerator=\count325
\makeMPintoPDFobject=\count326
\everyMPtoPDFconversion=\toks36
) (/usr/share/texlive/texmf-dist/tex/latex/epstopdf-pkg/epstopdf-base.sty
Package: epstopdf-base 2020-01-24 v2.11 Base part for package epstopdf
Package epstopdf-base Info: Redefining graphics rule for `.eps' on input line 4
85.
(/usr/share/texlive/texmf-dist/tex/latex/latexconfig/epstopdf-sys.cfg
File: epstopdf-sys.cfg 2010/07/13 v1.3 Configuration of (r)epstopdf for TeX Liv
e
))
*geometry* driver: auto-detecting
*geometry* detected driver: pdftex
*geometry* verbose mode - [ preamble ] result:
* driver: pdftex
* paper: a4paper
* layout: <same size as paper>
* layoutoffset:(h,v)=(0.0pt,0.0pt)
* modes: twoside 
* h-part:(L,W,R)=(71.13188pt, 455.24411pt, 71.13188pt)
* v-part:(T,H,B)=(71.13188pt, 702.78308pt, 71.13188pt)
* \paperwidth=597.50787pt
* \paperheight=845.04684pt
* \textwidth=455.24411pt
* \textheight=702.78308pt
* \oddsidemargin=-1.1381pt
* \evensidemargin=-1.1381pt
* \topmargin=-31.2056pt
* \headheight=12.0pt
* \headsep=18.06749pt
* \topskip=10.0pt
* \footskip=25.29494pt
* \marginparwidth=125.0pt
* \marginparsep=7.0pt
* \columnsep=10.0pt
* \skip\footins=9.0pt plus 4.0pt minus 2.0pt
* \hoffset=0.0pt
* \voffset=0.0pt
* \mag=1000
* \@twocolumnfalse
* \@twosidetrue
* \@mparswitchtrue
* \@reversemarginfalse
* (1in=72.27pt=25.4mm, 1cm=28.453pt)

Package hyperref Info: Link coloring ON on input line 150.
(/usr/share/texlive/texmf-dist/tex/latex/hyperref/nameref.sty
Package: nameref 2021-04-02 v2.47 Cross-referencing by name of section
(/usr/share/texlive/texmf-dist/tex/latex/refcount/refcount.sty
Package: refcount 2019/12/15 v3.6 Data extraction from label references (HO)
) (/usr/share/texlive/texmf-dist/tex/generic/gettitlestring/gettitlestring.sty
Package: gettitlestring 2019/12/15 v1.6 Cleanup title references (HO)
)
\c@section@level=\count327
)
LaTeX Info: Redefining \ref on input line 150.
LaTeX Info: Redefining \pageref on input line 150.
LaTeX Info: Redefining \nameref on input line 150.
(./refman.out) (./refman.out)
\@outlinefile=\write5
\openout5 = `refman.out'.

Package backref Info: ** backref set up for natbib ** on input line 150.
Package caption Info: Begin \AtBeginDocument code.
Package caption Info: End \AtBeginDocument code.
\Etoc@tf=\read4
Package hyperref Info: Option `pageanchor' set `false' on input line 157.
Package hyperref Info: Option `bookmarksnumbered' set `true' on input line 157.

Package hyperref Info: Option `unicode' set `true' on input line 157.
LaTeX Font Info:    Font shape `T1/phv/m/n' will be
(Font)              scaled to size 12.9599pt on input line 162.
LaTeX Font Info:    Font shape `T1/phv/m/n' will be
(Font)              scaled to size 6.29996pt on input line 162.
LaTeX Font Info:    Trying to load font information for U+msa on input line 162
.
(/usr/share/texlive/texmf-dist/tex/latex/amsfonts/umsa.fd
File: umsa.fd 2013/01/14 v3.01 AMS symbols A
)
LaTeX Font Info:    Trying to load font information for U+msb on input line 162
.
(/usr/share/texlive/texmf-dist/tex/latex/amsfonts/umsb.fd
File: umsb.fd 2013/01/14 v3.01 AMS symbols B
)
LaTeX Font Info:    Trying to load font information for U+wasy on input line 16
2.
(/usr/share/texlive/texmf-dist/tex/latex/wasysym/uwasy.fd
File: uwasy.fd 2020/01/19 v2.4 Wasy-2 symbol font definitions
)
LaTeX Font Info:    Font shape `T1/phv/m/n' will be
(Font)              scaled to size 10.79993pt on input line 164.
[1


{/var/lib/texmf/fonts/map/pdftex/updmap/pdftex.map}] [2

]
\tf@toc=\write6
\openout6 = `refman.toc'.

LaTeX Font Info:    Font shape `T1/phv/b/n' will be
(Font)              scaled to size 8.99994pt on input line 170.
LaTeX Font Info:    Font shape `T1/phv/b/n' will be
(Font)              scaled to size 6.29996pt on input line 170.
[1]
LaTeX Font Info:    Font shape `T1/phv/m/n' will be
(Font)              scaled to size 7.19995pt on input line 170.
LaTeX Font Info:    Trying to load font information for T1+pcr on input line 17
0.
(/usr/share/texlive/texmf-dist/tex/latex/psnfss/t1pcr.fd
File: t1pcr.fd 2001/06/04 font definitions for T1/pcr.
) [2] [3] [4] [5] [6

]
Package hyperref Info: Option `pageanchor' set `true' on input line 172.
Chapter 1.
LaTeX Font Info:    Font shape `T1/phv/m/n' will be
(Font)              scaled to size 18.66588pt on input line 175.
LaTeX Font Info:    Font shape `T1/phv/b/n' will be
(Font)              scaled to size 18.66588pt on input line 175.
LaTeX Font Info:    Font shape `T1/phv/bc/n' will be
(Font)              scaled to size 18.66588pt on input line 175.
LaTeX Font Info:    Font shape `T1/phv/m/n' will be
(Font)              scaled to size 22.39185pt on input line 175.
LaTeX Font Info:    Font shape `T1/phv/b/n' will be
(Font)              scaled to size 22.39185pt on input line 175.
LaTeX Font Info:    Font shape `T1/phv/bc/n' will be
(Font)              scaled to size 22.39185pt on input line 175.
(./annotated.tex
LaTeX Font Info:    Font shape `T1/phv/b/n' will be
(Font)              scaled to size 12.9599pt on input line 1.
) [1

] [2

]
Chapter 2.
(./files.tex) [3] [4

]
Chapter 3.
(./classBloomFilter.tex
LaTeX Font Info:    Font shape `T1/phv/b/n' will be
(Font)              scaled to size 10.79993pt on input line 12.
LaTeX Font Info:    Trying to load font information for TS1+phv on input line 1
5.
(/usr/share/texlive/texmf-dist/tex/latex/psnfss/ts1phv.fd
File: ts1phv.fd 2020/03/25 scalable font definitions for TS1/phv.
)
LaTeX Font Info:    Font shape `TS1/phv/m/n' will be
(Font)              scaled to size 8.99994pt on input line 15.
LaTeX Font Info:    Font shape `T1/phv/m/n' will be
(Font)              scaled to size 8.09995pt on input line 16.
LaTeX Font Info:    Font shape `T1/phv/m/it' in size <9> not available
(Font)              Font shape `T1/phv/m/sl' tried instead on input line 16.
LaTeX Font Info:    Font shape `T1/phv/m/sl' will be
(Font)              scaled to size 8.09995pt on input line 16.
LaTeX Font Info:    Font shape `T1/phv/m/it' in size <7> not available
(Font)              Font shape `T1/phv/m/sl' tried instead on input line 22.
LaTeX Font Info:    Font shape `T1/phv/m/sl' will be
(Font)              scaled to size 6.29996pt on input line 22.
LaTeX Font Info:    Font shape `T1/pcr/m/it' in size <8> not available
(Font)              Font shape `T1/pcr/m/sl' tried instead on input line 33.
LaTeX Font Info:    Font shape `T1/pcr/m/it' in size <7> not available
(Font)              Font shape `T1/pcr/m/sl' tried instead on input line 33.
[5]
Underfull \hbox (badness 10000) detected at line 67
[][][]
 []

 <./classBloomFilter_a30a32da65c9167b1e638db926a90f502_icgraph.pdf

pdfTeX warning: pdflatex (file ./classBloomFilter_a30a32da65c9167b1e638db926a90
f502_icgraph.pdf): PDF inclusion: multiple pdfs with page group included in a s
ingle page
>
<classBloomFilter_a30a32da65c9167b1e638db926a90f502_icgraph.pdf, id=1038, 495.8
525pt x 100.375pt>
File: classBloomFilter_a30a32da65c9167b1e638db926a90f502_icgraph.pdf Graphic fi
le (type pdf)
<use classBloomFilter_a30a32da65c9167b1e638db926a90f502_icgraph.pdf>
Package pdftex.def Info: classBloomFilter_a30a32da65c9167b1e638db926a90f502_icg
raph.pdf  used on input line 82.
(pdftex.def)             Requested size: 350.0pt x 70.85014pt.
[6] <./classBloomFilter_a2543ecabab73c24bec586f6b3b4f4563_icgraph.pdf>
<classBloomFilter_a2543ecabab73c24bec586f6b3b4f4563_icgraph.pdf, id=1055, 459.7
175pt x 111.41624pt>
File: classBloomFilter_a2543ecabab73c24bec586f6b3b4f4563_icgraph.pdf Graphic fi
le (type pdf)
<use classBloomFilter_a2543ecabab73c24bec586f6b3b4f4563_icgraph.pdf>
Package pdftex.def Info: classBloomFilter_a2543ecabab73c24bec586f6b3b4f4563_icg
raph.pdf  used on input line 112.
(pdftex.def)             Requested size: 350.0pt x 84.83023pt.
 <./classBloomFilter_a9cdecd6ed4fff46611f1e0f958aff216_icgraph.pdf

pdfTeX warning: pdflatex (file ./classBloomFilter_a9cdecd6ed4fff46611f1e0f958af
f216_icgraph.pdf): PDF inclusion: multiple pdfs with page group included in a s
ingle page
>
<classBloomFilter_a9cdecd6ed4fff46611f1e0f958aff216_icgraph.pdf, id=1063, 345.2
9pt x 111.41624pt>
File: classBloomFilter_a9cdecd6ed4fff46611f1e0f958aff216_icgraph.pdf Graphic fi
le (type pdf)
<use classBloomFilter_a9cdecd6ed4fff46611f1e0f958aff216_icgraph.pdf>
Package pdftex.def Info: classBloomFilter_a9cdecd6ed4fff46611f1e0f958aff216_icg
raph.pdf  used on input line 142.
(pdftex.def)             Requested size: 344.0pt x 111.00114pt.
) (./classClient.tex [7]
Overfull \vbox (36.75316pt too high) has occurred while \output is active []

[8] <./classClient_a3bb5a5015b59f502e23a9b99ca8b41d1_icgraph.pdf

pdfTeX warning: pdflatex (file ./classClient_a3bb5a5015b59f502e23a9b99ca8b41d1_
icgraph.pdf): PDF inclusion: multiple pdfs with page group included in a single
 page
>
<classClient_a3bb5a5015b59f502e23a9b99ca8b41d1_icgraph.pdf, id=1117, 271.0125pt
 x 100.375pt>
File: classClient_a3bb5a5015b59f502e23a9b99ca8b41d1_icgraph.pdf Graphic file (t
ype pdf)
<use classClient_a3bb5a5015b59f502e23a9b99ca8b41d1_icgraph.pdf>
Package pdftex.def Info: classClient_a3bb5a5015b59f502e23a9b99ca8b41d1_icgraph.
pdf  used on input line 117.
(pdftex.def)             Requested size: 270.0pt x 100.00409pt.
[9]
Underfull \hbox (badness 10000) detected at line 135
[][][]
 []

 <./classClient_a115d5c86cf42098638aa4b262e5afae3_icgraph.pdf>
<classClient_a115d5c86cf42098638aa4b262e5afae3_icgraph.pdf, id=1133, 352.31625p
t x 100.375pt>
File: classClient_a115d5c86cf42098638aa4b262e5afae3_icgraph.pdf Graphic file (t
ype pdf)
<use classClient_a115d5c86cf42098638aa4b262e5afae3_icgraph.pdf>
Package pdftex.def Info: classClient_a115d5c86cf42098638aa4b262e5afae3_icgraph.
pdf  used on input line 150.
(pdftex.def)             Requested size: 350.0pt x 99.71461pt.

Underfull \hbox (badness 10000) detected at line 168
[][][]
 []

 <./classClient_af10514dc3fdc66ba070d82a2211d381e_icgraph.pdf

pdfTeX warning: pdflatex (file ./classClient_af10514dc3fdc66ba070d82a2211d381e_
icgraph.pdf): PDF inclusion: multiple pdfs with page group included in a single
 page
>
<classClient_af10514dc3fdc66ba070d82a2211d381e_icgraph.pdf, id=1141, 353.32pt x
 100.375pt>
File: classClient_af10514dc3fdc66ba070d82a2211d381e_icgraph.pdf Graphic file (t
ype pdf)
<use classClient_af10514dc3fdc66ba070d82a2211d381e_icgraph.pdf>
Package pdftex.def Info: classClient_af10514dc3fdc66ba070d82a2211d381e_icgraph.
pdf  used on input line 183.
(pdftex.def)             Requested size: 350.0pt x 99.4328pt.
[10]
Underfull \hbox (badness 10000) detected at line 196
[][][]
 []

 <./classClient_ae43c71dba98b9c53c0ce027fe709a26f_icgraph.pdf>
<classClient_ae43c71dba98b9c53c0ce027fe709a26f_icgraph.pdf, id=1160, 260.975pt 
x 100.375pt>
File: classClient_ae43c71dba98b9c53c0ce027fe709a26f_icgraph.pdf Graphic file (t
ype pdf)
<use classClient_ae43c71dba98b9c53c0ce027fe709a26f_icgraph.pdf>
Package pdftex.def Info: classClient_ae43c71dba98b9c53c0ce027fe709a26f_icgraph.
pdf  used on input line 238.
(pdftex.def)             Requested size: 260.0pt x 100.00102pt.
[11]
Underfull \hbox (badness 10000) detected at line 258
[][][]
 []

 <./classClient_a3ad5ae59149ce241b7efea71fe065fec_icgraph.pdf>
<classClient_a3ad5ae59149ce241b7efea71fe065fec_icgraph.pdf, id=1175, 352.31625p
t x 100.375pt>
File: classClient_a3ad5ae59149ce241b7efea71fe065fec_icgraph.pdf Graphic file (t
ype pdf)
<use classClient_a3ad5ae59149ce241b7efea71fe065fec_icgraph.pdf>
Package pdftex.def Info: classClient_a3ad5ae59149ce241b7efea71fe065fec_icgraph.
pdf  used on input line 273.
(pdftex.def)             Requested size: 350.0pt x 99.71461pt.
) (./classDict.tex [12]
LaTeX Font Info:    Font shape `TS1/phv/m/it' in size <9> not available
(Font)              Font shape `TS1/phv/m/sl' tried instead on input line 24.
LaTeX Font Info:    Font shape `TS1/phv/m/sl' will be
(Font)              scaled to size 8.09995pt on input line 24.
[13] [14]
Underfull \hbox (badness 10000) detected at line 115
[][][]
 []

 <./classDict_ad7273850719fc8c228cb3e1cb3968b66_icgraph.pdf

pdfTeX warning: pdflatex (file ./classDict_ad7273850719fc8c228cb3e1cb3968b66_ic
graph.pdf): PDF inclusion: multiple pdfs with page group included in a single p
age
>
<classDict_ad7273850719fc8c228cb3e1cb3968b66_icgraph.pdf, id=1227, 264.99pt x 1
38.5175pt>
File: classDict_ad7273850719fc8c228cb3e1cb3968b66_icgraph.pdf Graphic file (typ
e pdf)
<use classDict_ad7273850719fc8c228cb3e1cb3968b66_icgraph.pdf>
Package pdftex.def Info: classDict_ad7273850719fc8c228cb3e1cb3968b66_icgraph.pd
f  used on input line 142.
(pdftex.def)             Requested size: 264.0pt x 138.00987pt.
[15]
Underfull \hbox (badness 10000) detected at line 182
[][][]
 []

 <./classDict_aee0c851f77099933a0925f453a1a7239_icgraph.pdf>
<classDict_aee0c851f77099933a0925f453a1a7239_icgraph.pdf, id=1243, 264.99pt x 1
76.66pt>
File: classDict_aee0c851f77099933a0925f453a1a7239_icgraph.pdf Graphic file (typ
e pdf)
<use classDict_aee0c851f77099933a0925f453a1a7239_icgraph.pdf>
Package pdftex.def Info: classDict_aee0c851f77099933a0925f453a1a7239_icgraph.pd
f  used on input line 202.
(pdftex.def)             Requested size: 264.0pt x 176.0126pt.

Underfull \hbox (badness 10000) detected at line 215
[][][]
 []

[16]
Underfull \hbox (badness 10000) detected at line 235
[][][]
 []


Underfull \hbox (badness 10000) detected at line 260
[][][]
 []


Underfull \hbox (badness 10000) detected at line 285
[][][]
 []

[17] <./classDict_ae58d28edd0f04172833805f26518351b_icgraph.pdf

pdfTeX warning: pdflatex (file ./classDict_ae58d28edd0f04172833805f26518351b_ic
graph.pdf): PDF inclusion: multiple pdfs with page group included in a single p
age
>
<classDict_ae58d28edd0f04172833805f26518351b_icgraph.pdf, id=1272, 284.06125pt 
x 138.5175pt>
File: classDict_ae58d28edd0f04172833805f26518351b_icgraph.pdf Graphic file (typ
e pdf)
<use classDict_ae58d28edd0f04172833805f26518351b_icgraph.pdf>
Package pdftex.def Info: classDict_ae58d28edd0f04172833805f26518351b_icgraph.pd
f  used on input line 304.
(pdftex.def)             Requested size: 283.0pt x 138.0141pt.

Underfull \hbox (badness 10000) detected at line 324
[][][]
 []

 <./classDict_a1c593021f03229abb00ceaff4ef0d79f_icgraph.pdf

pdfTeX warning: pdflatex (file ./classDict_a1c593021f03229abb00ceaff4ef0d79f_ic
graph.pdf): PDF inclusion: multiple pdfs with page group included in a single p
age
>
<classDict_a1c593021f03229abb00ceaff4ef0d79f_icgraph.pdf, id=1280, 282.05376pt 
x 100.375pt>
File: classDict_a1c593021f03229abb00ceaff4ef0d79f_icgraph.pdf Graphic file (typ
e pdf)
<use classDict_a1c593021f03229abb00ceaff4ef0d79f_icgraph.pdf>
Package pdftex.def Info: classDict_a1c593021f03229abb00ceaff4ef0d79f_icgraph.pd
f  used on input line 339.
(pdftex.def)             Requested size: 281.0pt x 100.00716pt.
[18]
Underfull \hbox (badness 10000) detected at line 352
[][][]
 []

 <./classDict_a9cfce08a086df862a97afc0fff66459c_icgraph.pdf>
<classDict_a9cfce08a086df862a97afc0fff66459c_icgraph.pdf, id=1296, 271.0125pt x
 100.375pt>
File: classDict_a9cfce08a086df862a97afc0fff66459c_icgraph.pdf Graphic file (typ
e pdf)
<use classDict_a9cfce08a086df862a97afc0fff66459c_icgraph.pdf>
Package pdftex.def Info: classDict_a9cfce08a086df862a97afc0fff66459c_icgraph.pd
f  used on input line 367.
(pdftex.def)             Requested size: 270.0pt x 100.00409pt.
) (./classLoadBalancer.tex [19] [20] [21] <./classLoadBalancer_a501ac1cc68e8042
2abcadd40446b1091_cgraph.pdf

pdfTeX warning: pdflatex (file ./classLoadBalancer_a501ac1cc68e80422abcadd40446
b1091_cgraph.pdf): PDF inclusion: multiple pdfs with page group included in a s
ingle page
>
<classLoadBalancer_a501ac1cc68e80422abcadd40446b1091_cgraph.pdf, id=1342, 500.8
7125pt x 188.705pt>
File: classLoadBalancer_a501ac1cc68e80422abcadd40446b1091_cgraph.pdf Graphic fi
le (type pdf)
<use classLoadBalancer_a501ac1cc68e80422abcadd40446b1091_cgraph.pdf>
Package pdftex.def Info: classLoadBalancer_a501ac1cc68e80422abcadd40446b1091_cg
raph.pdf  used on input line 234.
(pdftex.def)             Requested size: 350.0pt x 131.868pt.
 <./classLoadBalancer_a501ac1cc68e80422abcadd40446b1091_icgraph.pdf

pdfTeX warning: pdflatex (file ./classLoadBalancer_a501ac1cc68e80422abcadd40446
b1091_icgraph.pdf): PDF inclusion: multiple pdfs with page group included in a 
single page
>
<classLoadBalancer_a501ac1cc68e80422abcadd40446b1091_icgraph.pdf, id=1350, 298.
11375pt x 100.375pt>
File: classLoadBalancer_a501ac1cc68e80422abcadd40446b1091_icgraph.pdf Graphic f
ile (type pdf)
<use classLoadBalancer_a501ac1cc68e80422abcadd40446b1091_icgraph.pdf>
Package pdftex.def Info: classLoadBalancer_a501ac1cc68e80422abcadd40446b1091_ic
graph.pdf  used on input line 242.
(pdftex.def)             Requested size: 297.0pt x 100.00562pt.
[22]) (./classLRUCache.tex <./classLRUCache__coll__graph.pdf>
<classLRUCache__coll__graph.pdf, id=1368, 406.51875pt x 180.675pt>
File: classLRUCache__coll__graph.pdf Graphic file (type pdf)
<use classLRUCache__coll__graph.pdf>
Package pdftex.def Info: classLRUCache__coll__graph.pdf  used on input line 19.

(pdftex.def)             Requested size: 350.0pt x 155.56216pt.
[23]
LaTeX Font Info:    Font shape `T1/phv/b/n' will be
(Font)              scaled to size 7.19995pt on input line 86.
[24pdfTeX warning (ext4): destination with the same identifier (name{classLRUCa
che_a2c89f2a33f7ddfaabab844533fa9ad00}) has been already used, duplicate ignore
d
<argument> ...shipout:D \box_use:N \l_shipout_box 
                                                  \__shipout_drop_firstpage_...
l.113 ...3         max\_memory\_bytes = max\_mem;}
                                                  ] <./classLRUCache_aa60ce37d7
cbf1d9314cc85f9548d0055_icgraph.pdf

pdfTeX warning: pdflatex (file ./classLRUCache_aa60ce37d7cbf1d9314cc85f9548d005
5_icgraph.pdf): PDF inclusion: multiple pdfs with page group included in a sing
le page
>
<classLRUCache_aa60ce37d7cbf1d9314cc85f9548d0055_icgraph.pdf, id=1457, 646.415p
t x 138.5175pt>
File: classLRUCache_aa60ce37d7cbf1d9314cc85f9548d0055_icgraph.pdf Graphic file 
(type pdf)
<use classLRUCache_aa60ce37d7cbf1d9314cc85f9548d0055_icgraph.pdf>
Package pdftex.def Info: classLRUCache_aa60ce37d7cbf1d9314cc85f9548d0055_icgrap
h.pdf  used on input line 172.
(pdftex.def)             Requested size: 350.0pt x 74.99911pt.
[25]
Underfull \hbox (badness 10000) detected at line 190
[][][]
 []

 <./classLRUCache_a8a577f475e65e6e16338e7441634f353_cgraph.pdf>
<classLRUCache_a8a577f475e65e6e16338e7441634f353_cgraph.pdf, id=1478, 284.06125
pt x 138.5175pt>
File: classLRUCache_a8a577f475e65e6e16338e7441634f353_cgraph.pdf Graphic file (
type pdf)
<use classLRUCache_a8a577f475e65e6e16338e7441634f353_cgraph.pdf>
Package pdftex.def Info: classLRUCache_a8a577f475e65e6e16338e7441634f353_cgraph
.pdf  used on input line 214.
(pdftex.def)             Requested size: 283.0pt x 138.0141pt.
 <./classLRUCache_a6eeb3b1895171a5f6c5db63d393128c7_icgraph.pdf

pdfTeX warning: pdflatex (file ./classLRUCache_a6eeb3b1895171a5f6c5db63d393128c
7_icgraph.pdf): PDF inclusion: multiple pdfs with page group included in a sing
le page
>
<classLRUCache_a6eeb3b1895171a5f6c5db63d393128c7_icgraph.pdf, id=1494, 647.4187
5pt x 138.5175pt>
File: classLRUCache_a6eeb3b1895171a5f6c5db63d393128c7_icgraph.pdf Graphic file 
(type pdf)
<use classLRUCache_a6eeb3b1895171a5f6c5db63d393128c7_icgraph.pdf>
Package pdftex.def Info: classLRUCache_a6eeb3b1895171a5f6c5db63d393128c7_icgrap
h.pdf  used on input line 249.
(pdftex.def)             Requested size: 350.0pt x 74.88287pt.
[26]
Underfull \hbox (badness 10000) detected at line 269
[][][]
 []

 <./classLRUCache_afa9c3e5d273b81c21051a809794ea41d_cgraph.pdf>
<classLRUCache_afa9c3e5d273b81c21051a809794ea41d_cgraph.pdf, id=1519, 495.8525p
t x 195.73125pt>
File: classLRUCache_afa9c3e5d273b81c21051a809794ea41d_cgraph.pdf Graphic file (
type pdf)
<use classLRUCache_afa9c3e5d273b81c21051a809794ea41d_cgraph.pdf>
Package pdftex.def Info: classLRUCache_afa9c3e5d273b81c21051a809794ea41d_cgraph
.pdf  used on input line 302.
(pdftex.def)             Requested size: 350.0pt x 138.15779pt.
[27]
Underfull \hbox (badness 10000) detected at line 315
[][][]
 []

 <./classLRUCache_a6f32f17cc2477cbe581fa3c9c3740577_icgraph.pdf>
<classLRUCache_a6f32f17cc2477cbe581fa3c9c3740577_icgraph.pdf, id=1542, 699.6137
5pt x 138.5175pt>
File: classLRUCache_a6f32f17cc2477cbe581fa3c9c3740577_icgraph.pdf Graphic file 
(type pdf)
<use classLRUCache_a6f32f17cc2477cbe581fa3c9c3740577_icgraph.pdf>
Package pdftex.def Info: classLRUCache_a6f32f17cc2477cbe581fa3c9c3740577_icgrap
h.pdf  used on input line 343.
(pdftex.def)             Requested size: 350.0pt x 69.29872pt.

Underfull \hbox (badness 10000) detected at line 356
[][][]
 []

[28] <./classLRUCache_ad9a9cbe3eb1ac93828a5ea0b85d2fd6e_icgraph.pdf>
<classLRUCache_ad9a9cbe3eb1ac93828a5ea0b85d2fd6e_icgraph.pdf, id=1557, 707.6437
5pt x 138.5175pt>
File: classLRUCache_ad9a9cbe3eb1ac93828a5ea0b85d2fd6e_icgraph.pdf Graphic file 
(type pdf)
<use classLRUCache_ad9a9cbe3eb1ac93828a5ea0b85d2fd6e_icgraph.pdf>
Package pdftex.def Info: classLRUCache_ad9a9cbe3eb1ac93828a5ea0b85d2fd6e_icgrap
h.pdf  used on input line 384.
(pdftex.def)             Requested size: 350.0pt x 68.51035pt.
[29] <./classLRUCache_a3d7e71c63a2a8ec8f76bcfe4eb2b2dd8_icgraph.pdf>
<classLRUCache_a3d7e71c63a2a8ec8f76bcfe4eb2b2dd8_icgraph.pdf, id=1579, 646.415p
t x 138.5175pt>
File: classLRUCache_a3d7e71c63a2a8ec8f76bcfe4eb2b2dd8_icgraph.pdf Graphic file 
(type pdf)
<use classLRUCache_a3d7e71c63a2a8ec8f76bcfe4eb2b2dd8_icgraph.pdf>
Package pdftex.def Info: classLRUCache_a3d7e71c63a2a8ec8f76bcfe4eb2b2dd8_icgrap
h.pdf  used on input line 463.
(pdftex.def)             Requested size: 350.0pt x 74.99911pt.
[30] <./classLRUCache_a94fd770e6518bc9bb2df581c36c57205_cgraph.pdf>
<classLRUCache_a94fd770e6518bc9bb2df581c36c57205_cgraph.pdf, id=1606, 459.7175p
t x 264.99pt>
File: classLRUCache_a94fd770e6518bc9bb2df581c36c57205_cgraph.pdf Graphic file (
type pdf)
<use classLRUCache_a94fd770e6518bc9bb2df581c36c57205_cgraph.pdf>
Package pdftex.def Info: classLRUCache_a94fd770e6518bc9bb2df581c36c57205_cgraph
.pdf  used on input line 524.
(pdftex.def)             Requested size: 350.0pt x 201.75839pt.

Underfull \hbox (badness 10000) detected at line 537
[][][]
 []

[31] <./classLRUCache_a18f7a4ee1d05d840a8d0f01e883b7555_cgraph.pdf>
<classLRUCache_a18f7a4ee1d05d840a8d0f01e883b7555_cgraph.pdf, id=1631, 271.0125p
t x 100.375pt>
File: classLRUCache_a18f7a4ee1d05d840a8d0f01e883b7555_cgraph.pdf Graphic file (
type pdf)
<use classLRUCache_a18f7a4ee1d05d840a8d0f01e883b7555_cgraph.pdf>
Package pdftex.def Info: classLRUCache_a18f7a4ee1d05d840a8d0f01e883b7555_cgraph
.pdf  used on input line 552.
(pdftex.def)             Requested size: 270.0pt x 100.00409pt.
 <./classLRUCache_a4588bb411bfc59180e16e9dd0f4188b2_icgraph.pdf

pdfTeX warning: pdflatex (file ./classLRUCache_a4588bb411bfc59180e16e9dd0f4188b
2_icgraph.pdf): PDF inclusion: multiple pdfs with page group included in a sing
le page
>
<classLRUCache_a4588bb411bfc59180e16e9dd0f4188b2_icgraph.pdf, id=1639, 651.4337
5pt x 138.5175pt>
File: classLRUCache_a4588bb411bfc59180e16e9dd0f4188b2_icgraph.pdf Graphic file 
(type pdf)
<use classLRUCache_a4588bb411bfc59180e16e9dd0f4188b2_icgraph.pdf>
Package pdftex.def Info: classLRUCache_a4588bb411bfc59180e16e9dd0f4188b2_icgrap
h.pdf  used on input line 573.
(pdftex.def)             Requested size: 350.0pt x 74.42421pt.
[32]) (./structLRUCache_1_1Node.tex <./structLRUCache_1_1Node__coll__graph.pdf>
<structLRUCache_1_1Node__coll__graph.pdf, id=1660, 221.82875pt x 102.3825pt>
File: structLRUCache_1_1Node__coll__graph.pdf Graphic file (type pdf)
<use structLRUCache_1_1Node__coll__graph.pdf>
Package pdftex.def Info: structLRUCache_1_1Node__coll__graph.pdf  used on input
 line 19.
(pdftex.def)             Requested size: 221.0pt x 101.9995pt.
[33] [34]) (./classPersistenceKVStore.tex [35] [36]
Underfull \hbox (badness 10000) detected at line 118
[][][]
 []

 <./classPersistenceKVStore_a718ce3a40a4a341b84694c6fa588c362_cgraph.pdf

pdfTeX warning: pdflatex (file ./classPersistenceKVStore_a718ce3a40a4a341b84694
c6fa588c362_cgraph.pdf): PDF inclusion: multiple pdfs with page group included 
in a single page
>
<classPersistenceKVStore_a718ce3a40a4a341b84694c6fa588c362_cgraph.pdf, id=1729,
 371.3875pt x 138.5175pt>
File: classPersistenceKVStore_a718ce3a40a4a341b84694c6fa588c362_cgraph.pdf Grap
hic file (type pdf)
<use classPersistenceKVStore_a718ce3a40a4a341b84694c6fa588c362_cgraph.pdf>
Package pdftex.def Info: classPersistenceKVStore_a718ce3a40a4a341b84694c6fa588c
362_cgraph.pdf  used on input line 155.
(pdftex.def)             Requested size: 350.0pt x 130.54251pt.
 <./classPersistenceKVStore_a718ce3a40a4a341b84694c6fa588c362_icgraph.pdf

pdfTeX warning: pdflatex (file ./classPersistenceKVStore_a718ce3a40a4a341b84694
c6fa588c362_icgraph.pdf): PDF inclusion: multiple pdfs with page group included
 in a single page
>
<classPersistenceKVStore_a718ce3a40a4a341b84694c6fa588c362_icgraph.pdf, id=1737
, 339.2675pt x 100.375pt>
File: classPersistenceKVStore_a718ce3a40a4a341b84694c6fa588c362_icgraph.pdf Gra
phic file (type pdf)
<use classPersistenceKVStore_a718ce3a40a4a341b84694c6fa588c362_icgraph.pdf>
Package pdftex.def Info: classPersistenceKVStore_a718ce3a40a4a341b84694c6fa588c
362_icgraph.pdf  used on input line 163.
(pdftex.def)             Requested size: 338.0pt x 100.00409pt.
[37] <./classPersistenceKVStore_a6accd3f2351682402ddd870ef6dd11b2_cgraph.pdf>
<classPersistenceKVStore_a6accd3f2351682402ddd870ef6dd11b2_cgraph.pdf, id=1755,
 336.25626pt x 138.5175pt>
File: classPersistenceKVStore_a6accd3f2351682402ddd870ef6dd11b2_cgraph.pdf Grap
hic file (type pdf)
<use classPersistenceKVStore_a6accd3f2351682402ddd870ef6dd11b2_cgraph.pdf>
Package pdftex.def Info: classPersistenceKVStore_a6accd3f2351682402ddd870ef6dd1
1b2_cgraph.pdf  used on input line 208.
(pdftex.def)             Requested size: 335.0pt x 138.00142pt.
 <./classPersistenceKVStore_a6accd3f2351682402ddd870ef6dd11b2_icgraph.pdf

pdfTeX warning: pdflatex (file ./classPersistenceKVStore_a6accd3f2351682402ddd8
70ef6dd11b2_icgraph.pdf): PDF inclusion: multiple pdfs with page group included
 in a single page
>
<classPersistenceKVStore_a6accd3f2351682402ddd870ef6dd11b2_icgraph.pdf, id=1763
, 316.18124pt x 111.41624pt>
File: classPersistenceKVStore_a6accd3f2351682402ddd870ef6dd11b2_icgraph.pdf Gra
phic file (type pdf)
<use classPersistenceKVStore_a6accd3f2351682402ddd870ef6dd11b2_icgraph.pdf>
Package pdftex.def Info: classPersistenceKVStore_a6accd3f2351682402ddd870ef6dd1
1b2_icgraph.pdf  used on input line 216.
(pdftex.def)             Requested size: 315.0pt x 111.00795pt.
[38] <./classPersistenceKVStore_a46d823a6b1f2812869fa4fe3c478626c_cgraph.pdf>
<classPersistenceKVStore_a46d823a6b1f2812869fa4fe3c478626c_cgraph.pdf, id=1783,
 345.29pt x 138.5175pt>
File: classPersistenceKVStore_a46d823a6b1f2812869fa4fe3c478626c_cgraph.pdf Grap
hic file (type pdf)
<use classPersistenceKVStore_a46d823a6b1f2812869fa4fe3c478626c_cgraph.pdf>
Package pdftex.def Info: classPersistenceKVStore_a46d823a6b1f2812869fa4fe3c4786
26c_cgraph.pdf  used on input line 248.
(pdftex.def)             Requested size: 344.0pt x 138.00142pt.
) (./classServer.tex [39] [40] <./classServer_ada6ecbc37608e0adb2be968f27be28de
_icgraph.pdf

pdfTeX warning: pdflatex (file ./classServer_ada6ecbc37608e0adb2be968f27be28de_
icgraph.pdf): PDF inclusion: multiple pdfs with page group included in a single
 page
>
<classServer_ada6ecbc37608e0adb2be968f27be28de_icgraph.pdf, id=1826, 675.52374p
t x 138.5175pt>
File: classServer_ada6ecbc37608e0adb2be968f27be28de_icgraph.pdf Graphic file (t
ype pdf)
<use classServer_ada6ecbc37608e0adb2be968f27be28de_icgraph.pdf>
Package pdftex.def Info: classServer_ada6ecbc37608e0adb2be968f27be28de_icgraph.
pdf  used on input line 130.
(pdftex.def)             Requested size: 350.0pt x 71.76953pt.
[41] [42] <./classServer_adc733e6b389380f0efe0f5aeaf1cb3b7_cgraph.pdf

pdfTeX warning: pdflatex (file ./classServer_adc733e6b389380f0efe0f5aeaf1cb3b7_
cgraph.pdf): PDF inclusion: multiple pdfs with page group included in a single 
page
>
<classServer_adc733e6b389380f0efe0f5aeaf1cb3b7_cgraph.pdf, id=1863, 406.51875pt
 x 329.23pt>
File: classServer_adc733e6b389380f0efe0f5aeaf1cb3b7_cgraph.pdf Graphic file (ty
pe pdf)
<use classServer_adc733e6b389380f0efe0f5aeaf1cb3b7_cgraph.pdf>
Package pdftex.def Info: classServer_adc733e6b389380f0efe0f5aeaf1cb3b7_cgraph.p
df  used on input line 272.
(pdftex.def)             Requested size: 350.0pt x 283.46886pt.
 <./classServer_adc733e6b389380f0efe0f5aeaf1cb3b7_icgraph.pdf

pdfTeX warning: pdflatex (file ./classServer_adc733e6b389380f0efe0f5aeaf1cb3b7_
icgraph.pdf): PDF inclusion: multiple pdfs with page group included in a single
 page
>
<classServer_adc733e6b389380f0efe0f5aeaf1cb3b7_icgraph.pdf, id=1871, 522.95375p
t x 138.5175pt>
File: classServer_adc733e6b389380f0efe0f5aeaf1cb3b7_icgraph.pdf Graphic file (t
ype pdf)
<use classServer_adc733e6b389380f0efe0f5aeaf1cb3b7_icgraph.pdf>
Package pdftex.def Info: classServer_adc733e6b389380f0efe0f5aeaf1cb3b7_icgraph.
pdf  used on input line 280.
(pdftex.def)             Requested size: 350.0pt x 92.7069pt.
[43] [44] <./classServer_a1016678b77eacc5aa97f2310f8b442b1_cgraph.pdf>
<classServer_a1016678b77eacc5aa97f2310f8b442b1_cgraph.pdf, id=1895, 512.91624pt
 x 367.3725pt>
File: classServer_a1016678b77eacc5aa97f2310f8b442b1_cgraph.pdf Graphic file (ty
pe pdf)
<use classServer_a1016678b77eacc5aa97f2310f8b442b1_cgraph.pdf>
Package pdftex.def Info: classServer_a1016678b77eacc5aa97f2310f8b442b1_cgraph.p
df  used on input line 398.
(pdftex.def)             Requested size: 350.0pt x 250.68446pt.
 <./classServer_a1016678b77eacc5aa97f2310f8b442b1_icgraph.pdf

pdfTeX warning: pdflatex (file ./classServer_a1016678b77eacc5aa97f2310f8b442b1_
icgraph.pdf): PDF inclusion: multiple pdfs with page group included in a single
 page
>
<classServer_a1016678b77eacc5aa97f2310f8b442b1_icgraph.pdf, id=1904, 345.29pt x
 138.5175pt>
File: classServer_a1016678b77eacc5aa97f2310f8b442b1_icgraph.pdf Graphic file (t
ype pdf)
<use classServer_a1016678b77eacc5aa97f2310f8b442b1_icgraph.pdf>
Package pdftex.def Info: classServer_a1016678b77eacc5aa97f2310f8b442b1_icgraph.
pdf  used on input line 406.
(pdftex.def)             Requested size: 344.0pt x 138.00142pt.
[45] <./classServer_a0d8d3fd2e86f5a00e97050ce8ec103a9_icgraph.pdf>
<classServer_a0d8d3fd2e86f5a00e97050ce8ec103a9_icgraph.pdf, id=1918, 488.82625p
t x 138.5175pt>
File: classServer_a0d8d3fd2e86f5a00e97050ce8ec103a9_icgraph.pdf Graphic file (t
ype pdf)
<use classServer_a0d8d3fd2e86f5a00e97050ce8ec103a9_icgraph.pdf>
Package pdftex.def Info: classServer_a0d8d3fd2e86f5a00e97050ce8ec103a9_icgraph.
pdf  used on input line 464.
(pdftex.def)             Requested size: 350.0pt x 99.18086pt.
[46]) (./structServerAdd.tex) (./classTrie.tex [47] <./classTrie_a7a13a211287ca
69c00368bfde90f1060_icgraph.pdf>
<classTrie_a7a13a211287ca69c00368bfde90f1060_icgraph.pdf, id=1959, 420.57124pt 
x 111.41624pt>
File: classTrie_a7a13a211287ca69c00368bfde90f1060_icgraph.pdf Graphic file (typ
e pdf)
<use classTrie_a7a13a211287ca69c00368bfde90f1060_icgraph.pdf>
Package pdftex.def Info: classTrie_a7a13a211287ca69c00368bfde90f1060_icgraph.pd
f  used on input line 76.
(pdftex.def)             Requested size: 350.0pt x 92.72195pt.
[48] <./classTrie_a52af88e2d70a06a7c4a0f75db25be4b2_icgraph.pdf

pdfTeX warning: pdflatex (file ./classTrie_a52af88e2d70a06a7c4a0f75db25be4b2_ic
graph.pdf): PDF inclusion: multiple pdfs with page group included in a single p
age
>
<classTrie_a52af88e2d70a06a7c4a0f75db25be4b2_icgraph.pdf, id=1983, 306.14375pt 
x 111.41624pt>
File: classTrie_a52af88e2d70a06a7c4a0f75db25be4b2_icgraph.pdf Graphic file (typ
e pdf)
<use classTrie_a52af88e2d70a06a7c4a0f75db25be4b2_icgraph.pdf>
Package pdftex.def Info: classTrie_a52af88e2d70a06a7c4a0f75db25be4b2_icgraph.pd
f  used on input line 124.
(pdftex.def)             Requested size: 305.0pt x 111.00624pt.
[49] <./classTrie_a2bbd9365111786a5950407b81df7a59b_icgraph.pdf>
<classTrie_a2bbd9365111786a5950407b81df7a59b_icgraph.pdf, id=2005, 447.6725pt x
 100.375pt>
File: classTrie_a2bbd9365111786a5950407b81df7a59b_icgraph.pdf Graphic file (typ
e pdf)
<use classTrie_a2bbd9365111786a5950407b81df7a59b_icgraph.pdf>
Package pdftex.def Info: classTrie_a2bbd9365111786a5950407b81df7a59b_icgraph.pd
f  used on input line 152.
(pdftex.def)             Requested size: 350.0pt x 78.4775pt.
) (./classTrieNode.tex [50]) [51] [52

]
Chapter 4.
(./bloomfilter_8h.tex <./bloomfilter_8h__incl.pdf

pdfTeX warning: pdflatex (file ./bloomfilter_8h__incl.pdf): PDF inclusion: mult
iple pdfs with page group included in a single page
>
<bloomfilter_8h__incl.pdf, id=2037, 206.7725pt x 156.585pt>
File: bloomfilter_8h__incl.pdf Graphic file (type pdf)
<use bloomfilter_8h__incl.pdf>
Package pdftex.def Info: bloomfilter_8h__incl.pdf  used on input line 10.
(pdftex.def)             Requested size: 206.0pt x 156.004pt.
 <./bloomfilter_8h__dep__incl.pdf

pdfTeX warning: pdflatex (file ./bloomfilter_8h__dep__incl.pdf): PDF inclusion:
 multiple pdfs with page group included in a single page
>
<bloomfilter_8h__dep__incl.pdf, id=2052, 333.245pt x 347.2975pt>
File: bloomfilter_8h__dep__incl.pdf Graphic file (type pdf)
<use bloomfilter_8h__dep__incl.pdf>
Package pdftex.def Info: bloomfilter_8h__dep__incl.pdf  used on input line 18.
(pdftex.def)             Requested size: 332.0pt x 346.0248pt.
[53]) (./client_8h.tex <./client_8h__incl.pdf>
<client_8h__incl.pdf, id=2075, 692.5875pt x 156.585pt>
File: client_8h__incl.pdf Graphic file (type pdf)
<use client_8h__incl.pdf>
Package pdftex.def Info: client_8h__incl.pdf  used on input line 16.
(pdftex.def)             Requested size: 350.0pt x 79.13094pt.
[54] <./client_8h__dep__incl.pdf>
<client_8h__dep__incl.pdf, id=2090, 175.65625pt x 156.585pt>
File: client_8h__dep__incl.pdf Graphic file (type pdf)
<use client_8h__dep__incl.pdf>
Package pdftex.def Info: client_8h__dep__incl.pdf  used on input line 24.
(pdftex.def)             Requested size: 175.0pt x 156.01117pt.
) (./dict_8h.tex <./dict_8h__incl.pdf

pdfTeX warning: pdflatex (file ./dict_8h__incl.pdf): PDF inclusion: multiple pd
fs with page group included in a single page
>
<dict_8h__incl.pdf, id=2099, 501.875pt x 156.585pt>
File: dict_8h__incl.pdf Graphic file (type pdf)
<use dict_8h__incl.pdf>
Package pdftex.def Info: dict_8h__incl.pdf  used on input line 19.
(pdftex.def)             Requested size: 350.0pt x 109.20496pt.
 <./dict_8h__dep__incl.pdf

pdfTeX warning: pdflatex (file ./dict_8h__dep__incl.pdf): PDF inclusion: multip
le pdfs with page group included in a single page
>
<dict_8h__dep__incl.pdf, id=2107, 333.245pt x 280.04625pt>
File: dict_8h__dep__incl.pdf Graphic file (type pdf)
<use dict_8h__dep__incl.pdf>
Package pdftex.def Info: dict_8h__dep__incl.pdf  used on input line 27.
(pdftex.def)             Requested size: 332.0pt x 279.01999pt.
[55] [56]
Underfull \hbox (badness 10000) detected at line 97
[][][]
 []

[57]
Underfull \hbox (badness 10000) detected at line 124
[][][]
 []


Underfull \hbox (badness 10000) detected at line 151
[][][]
 []

) (./load__balancer_8h.tex <./load__balancer_8h__incl.pdf

pdfTeX warning: pdflatex (file ./load__balancer_8h__incl.pdf): PDF inclusion: m
ultiple pdfs with page group included in a single page
>
<load__balancer_8h__incl.pdf, id=2146, 961.5925pt x 280.04625pt>
File: load__balancer_8h__incl.pdf Graphic file (type pdf)
<use load__balancer_8h__incl.pdf>
Package pdftex.def Info: load__balancer_8h__incl.pdf  used on input line 26.
(pdftex.def)             Requested size: 350.0pt x 101.93185pt.
[58] <./load__balancer_8h__dep__incl.pdf

pdfTeX warning: pdflatex (file ./load__balancer_8h__dep__incl.pdf): PDF inclusi
on: multiple pdfs with page group included in a single page
>
<load__balancer_8h__dep__incl.pdf, id=2160, 200.75pt x 167.62625pt>
File: load__balancer_8h__dep__incl.pdf Graphic file (type pdf)
<use load__balancer_8h__dep__incl.pdf>
Package pdftex.def Info: load__balancer_8h__dep__incl.pdf  used on input line 3
4.
(pdftex.def)             Requested size: 200.0pt x 167.01195pt.
) (./lru__cache__v0_8h.tex <./lru__cache__v0_8h__incl.pdf

pdfTeX warning: pdflatex (file ./lru__cache__v0_8h__incl.pdf): PDF inclusion: m
ultiple pdfs with page group included in a single page
>
<lru__cache__v0_8h__incl.pdf, id=2169, 499.8675pt x 156.585pt>
File: lru__cache__v0_8h__incl.pdf Graphic file (type pdf)
<use lru__cache__v0_8h__incl.pdf>
Package pdftex.def Info: lru__cache__v0_8h__incl.pdf  used on input line 14.
(pdftex.def)             Requested size: 350.0pt x 109.6422pt.
[59]) (./lru__cache__v1_8h.tex <./lru__cache__v1_8h__incl.pdf>
<lru__cache__v1_8h__incl.pdf, id=2187, 1283.79625pt x 269.005pt>
File: lru__cache__v1_8h__incl.pdf Graphic file (type pdf)
<use lru__cache__v1_8h__incl.pdf>
Package pdftex.def Info: lru__cache__v1_8h__incl.pdf  used on input line 11.
(pdftex.def)             Requested size: 350.0pt x 73.33832pt.
 <./lru__cache__v1_8h__dep__incl.pdf

pdfTeX warning: pdflatex (file ./lru__cache__v1_8h__dep__incl.pdf): PDF inclusi
on: multiple pdfs with page group included in a single page
>
<lru__cache__v1_8h__dep__incl.pdf, id=2202, 333.245pt x 223.83624pt>
File: lru__cache__v1_8h__dep__incl.pdf Graphic file (type pdf)
<use lru__cache__v1_8h__dep__incl.pdf>
Package pdftex.def Info: lru__cache__v1_8h__dep__incl.pdf  used on input line 1
9.
(pdftex.def)             Requested size: 332.0pt x 223.01598pt.
[60]) (./persistence__kv__store_8h.tex <./persistence__kv__store_8h__incl.pdf>
<persistence__kv__store_8h__incl.pdf, id=2221, 839.135pt x 223.83624pt>
File: persistence__kv__store_8h__incl.pdf Graphic file (type pdf)
<use persistence__kv__store_8h__incl.pdf>
Package pdftex.def Info: persistence__kv__store_8h__incl.pdf  used on input lin
e 20.
(pdftex.def)             Requested size: 350.0pt x 93.36163pt.
 <./persistence__kv__store_8h__dep__incl.pdf

pdfTeX warning: pdflatex (file ./persistence__kv__store_8h__dep__incl.pdf): PDF
 inclusion: multiple pdfs with page group included in a single page
>
<persistence__kv__store_8h__dep__incl.pdf, id=2237, 333.245pt x 291.0875pt>
File: persistence__kv__store_8h__dep__incl.pdf Graphic file (type pdf)
<use persistence__kv__store_8h__dep__incl.pdf>
Package pdftex.def Info: persistence__kv__store_8h__dep__incl.pdf  used on inpu
t line 28.
(pdftex.def)             Requested size: 332.0pt x 290.02078pt.
[61]) (./server_8h.tex <./server_8h__incl.pdf>
<server_8h__incl.pdf, id=2253, 2148.025pt x 336.25626pt>
File: server_8h__incl.pdf Graphic file (type pdf)
<use server_8h__incl.pdf>
Package pdftex.def Info: server_8h__incl.pdf  used on input line 25.
(pdftex.def)             Requested size: 350.0pt x 54.78722pt.
[62] <./server_8h__dep__incl.pdf>
<server_8h__dep__incl.pdf, id=2275, 333.245pt x 167.62625pt>
File: server_8h__dep__incl.pdf Graphic file (type pdf)
<use server_8h__dep__incl.pdf>
Package pdftex.def Info: server_8h__dep__incl.pdf  used on input line 33.
(pdftex.def)             Requested size: 332.0pt x 167.01195pt.
) (./tire_8h.tex <./tire_8h__incl.pdf

pdfTeX warning: pdflatex (file ./tire_8h__incl.pdf): PDF inclusion: multiple pd
fs with page group included in a single page
>
<tire_8h__incl.pdf, id=2284, 315.1775pt x 156.585pt>
File: tire_8h__incl.pdf Graphic file (type pdf)
<use tire_8h__incl.pdf>
Package pdftex.def Info: tire_8h__incl.pdf  used on input line 11.
(pdftex.def)             Requested size: 314.0pt x 156.00879pt.
 <./tire_8h__dep__incl.pdf

pdfTeX warning: pdflatex (file ./tire_8h__dep__incl.pdf): PDF inclusion: multip
le pdfs with page group included in a single page
>
<tire_8h__dep__incl.pdf, id=2292, 333.245pt x 347.2975pt>
File: tire_8h__dep__incl.pdf Graphic file (type pdf)
<use tire_8h__dep__incl.pdf>
Package pdftex.def Info: tire_8h__dep__incl.pdf  used on input line 19.
(pdftex.def)             Requested size: 332.0pt x 346.0248pt.
[63]) (./types_8h.tex <./types_8h__incl.pdf>
<types_8h__incl.pdf, id=2311, 202.7575pt x 156.585pt>
File: types_8h__incl.pdf Graphic file (type pdf)
<use types_8h__incl.pdf>
Package pdftex.def Info: types_8h__incl.pdf  used on input line 10.
(pdftex.def)             Requested size: 202.0pt x 156.004pt.
[64] <./types_8h__dep__incl.pdf>
<types_8h__dep__incl.pdf, id=2326, 200.75pt x 223.83624pt>
File: types_8h__dep__incl.pdf Graphic file (type pdf)
<use types_8h__dep__incl.pdf>
Package pdftex.def Info: types_8h__dep__incl.pdf  used on input line 18.
(pdftex.def)             Requested size: 200.0pt x 223.01598pt.
) (./blink__cli_8cpp.tex <./blink__cli_8cpp__incl.pdf

pdfTeX warning: pdflatex (file ./blink__cli_8cpp__incl.pdf): PDF inclusion: mul
tiple pdfs with page group included in a single page
>
<blink__cli_8cpp__incl.pdf, id=2335, 692.5875pt x 212.795pt>
File: blink__cli_8cpp__incl.pdf Graphic file (type pdf)
<use blink__cli_8cpp__incl.pdf>
Package pdftex.def Info: blink__cli_8cpp__incl.pdf  used on input line 10.
(pdftex.def)             Requested size: 350.0pt x 107.53691pt.
[65] [66] <./blink__cli_8cpp_a3d07c9c8554b653b482975f4149bfa06_cgraph.pdf>
<blink__cli_8cpp_a3d07c9c8554b653b482975f4149bfa06_cgraph.pdf, id=2383, 276.031
25pt x 176.66pt>
File: blink__cli_8cpp_a3d07c9c8554b653b482975f4149bfa06_cgraph.pdf Graphic file
 (type pdf)
<use blink__cli_8cpp_a3d07c9c8554b653b482975f4149bfa06_cgraph.pdf>
Package pdftex.def Info: blink__cli_8cpp_a3d07c9c8554b653b482975f4149bfa06_cgra
ph.pdf  used on input line 129.
(pdftex.def)             Requested size: 275.0pt x 176.018pt.
 <./blink__cli_8cpp_a3d07c9c8554b653b482975f4149bfa06_icgraph.pdf

pdfTeX warning: pdflatex (file ./blink__cli_8cpp_a3d07c9c8554b653b482975f4149bf
a06_icgraph.pdf): PDF inclusion: multiple pdfs with page group included in a si
ngle page
>
<blink__cli_8cpp_a3d07c9c8554b653b482975f4149bfa06_icgraph.pdf, id=2391, 249.93
375pt x 100.375pt>
File: blink__cli_8cpp_a3d07c9c8554b653b482975f4149bfa06_icgraph.pdf Graphic fil
e (type pdf)
<use blink__cli_8cpp_a3d07c9c8554b653b482975f4149bfa06_icgraph.pdf>
Package pdftex.def Info: blink__cli_8cpp_a3d07c9c8554b653b482975f4149bfa06_icgr
aph.pdf  used on input line 137.
(pdftex.def)             Requested size: 249.0pt x 100.00409pt.
[67] <./blink__cli_8cpp_ae66f6b31b5ad750f1fe042a706a4e3d4_cgraph.pdf>
<blink__cli_8cpp_ae66f6b31b5ad750f1fe042a706a4e3d4_cgraph.pdf, id=2411, 374.398
74pt x 176.66pt>
File: blink__cli_8cpp_ae66f6b31b5ad750f1fe042a706a4e3d4_cgraph.pdf Graphic file
 (type pdf)
<use blink__cli_8cpp_ae66f6b31b5ad750f1fe042a706a4e3d4_cgraph.pdf>
Package pdftex.def Info: blink__cli_8cpp_ae66f6b31b5ad750f1fe042a706a4e3d4_cgra
ph.pdf  used on input line 169.
(pdftex.def)             Requested size: 350.0pt x 165.15738pt.
) (./blink__server_8cpp.tex <./blink__server_8cpp__incl.pdf

pdfTeX warning: pdflatex (file ./blink__server_8cpp__incl.pdf): PDF inclusion: 
multiple pdfs with page group included in a single page
>
<blink__server_8cpp__incl.pdf, id=2419, 1660.2025pt x 392.46625pt>
File: blink__server_8cpp__incl.pdf Graphic file (type pdf)
<use blink__server_8cpp__incl.pdf>
Package pdftex.def Info: blink__server_8cpp__incl.pdf  used on input line 11.
(pdftex.def)             Requested size: 350.0pt x 82.73773pt.
[68]
Underfull \hbox (badness 10000) detected at line 47
[][][]
 []

 <./blink__server_8cpp_ae66f6b31b5ad750f1fe042a706a4e3d4_cgraph.pdf>
<blink__server_8cpp_ae66f6b31b5ad750f1fe042a706a4e3d4_cgraph.pdf, id=2456, 590.
205pt x 367.3725pt>
File: blink__server_8cpp_ae66f6b31b5ad750f1fe042a706a4e3d4_cgraph.pdf Graphic f
ile (type pdf)
<use blink__server_8cpp_ae66f6b31b5ad750f1fe042a706a4e3d4_cgraph.pdf>
Package pdftex.def Info: blink__server_8cpp_ae66f6b31b5ad750f1fe042a706a4e3d4_c
graph.pdf  used on input line 68.
(pdftex.def)             Requested size: 350.0pt x 217.8578pt.
[69] [70]) (./blink__server__with__lb_8cpp.tex <./blink__server__with__lb_8cpp_
_incl.pdf>
<blink__server__with__lb_8cpp__incl.pdf, id=2487, 2130.96124pt x 403.5075pt>
File: blink__server__with__lb_8cpp__incl.pdf Graphic file (type pdf)
<use blink__server__with__lb_8cpp__incl.pdf>
Package pdftex.def Info: blink__server__with__lb_8cpp__incl.pdf  used on input 
line 21.
(pdftex.def)             Requested size: 350.0pt x 66.27417pt.
[71] [72] <./blink__server__with__lb_8cpp_ae66f6b31b5ad750f1fe042a706a4e3d4_cgr
aph.pdf

pdfTeX warning: pdflatex (file ./blink__server__with__lb_8cpp_ae66f6b31b5ad750f
1fe042a706a4e3d4_cgraph.pdf): PDF inclusion: multiple pdfs with page group incl
uded in a single page
>
<blink__server__with__lb_8cpp_ae66f6b31b5ad750f1fe042a706a4e3d4_cgraph.pdf, id=
2541, 766.865pt x 441.65pt>
File: blink__server__with__lb_8cpp_ae66f6b31b5ad750f1fe042a706a4e3d4_cgraph.pdf
 Graphic file (type pdf)
<use blink__server__with__lb_8cpp_ae66f6b31b5ad750f1fe042a706a4e3d4_cgraph.pdf>

Package pdftex.def Info: blink__server__with__lb_8cpp_ae66f6b31b5ad750f1fe042a7
06a4e3d4_cgraph.pdf  used on input line 124.
(pdftex.def)             Requested size: 350.0pt x 201.57104pt.
[73] <./blink__server__with__lb_8cpp_ac65aea3c57d529ec8802efbffa9e5496_icgraph.
pdf>
<blink__server__with__lb_8cpp_ac65aea3c57d529ec8802efbffa9e5496_icgraph.pdf, id
=2555, 400.49625pt x 119.44624pt>
File: blink__server__with__lb_8cpp_ac65aea3c57d529ec8802efbffa9e5496_icgraph.pd
f Graphic file (type pdf)
<use blink__server__with__lb_8cpp_ac65aea3c57d529ec8802efbffa9e5496_icgraph.pdf
>
Package pdftex.def Info: blink__server__with__lb_8cpp_ac65aea3c57d529ec8802efbf
fa9e5496_icgraph.pdf  used on input line 177.
(pdftex.def)             Requested size: 350.0pt x 104.39125pt.
 <./blink__server__with__lb_8cpp_a92c506cc67dab3e3a4bfe3d097190d6f_cgraph.pdf

pdfTeX warning: pdflatex (file ./blink__server__with__lb_8cpp_a92c506cc67dab3e3
a4bfe3d097190d6f_cgraph.pdf): PDF inclusion: multiple pdfs with page group incl
uded in a single page
>
<blink__server__with__lb_8cpp_a92c506cc67dab3e3a4bfe3d097190d6f_cgraph.pdf, id=
2567, 630.355pt x 367.3725pt>
File: blink__server__with__lb_8cpp_a92c506cc67dab3e3a4bfe3d097190d6f_cgraph.pdf
 Graphic file (type pdf)
<use blink__server__with__lb_8cpp_a92c506cc67dab3e3a4bfe3d097190d6f_cgraph.pdf>

Package pdftex.def Info: blink__server__with__lb_8cpp_a92c506cc67dab3e3a4bfe3d0
97190d6f_cgraph.pdf  used on input line 199.
(pdftex.def)             Requested size: 350.0pt x 203.98383pt.
[74] <./blink__server__with__lb_8cpp_a92c506cc67dab3e3a4bfe3d097190d6f_icgraph.
pdf>
<blink__server__with__lb_8cpp_a92c506cc67dab3e3a4bfe3d097190d6f_icgraph.pdf, id
=2582, 238.8925pt x 100.375pt>
File: blink__server__with__lb_8cpp_a92c506cc67dab3e3a4bfe3d097190d6f_icgraph.pd
f Graphic file (type pdf)
<use blink__server__with__lb_8cpp_a92c506cc67dab3e3a4bfe3d097190d6f_icgraph.pdf
>
Package pdftex.def Info: blink__server__with__lb_8cpp_a92c506cc67dab3e3a4bfe3d0
97190d6f_icgraph.pdf  used on input line 207.
(pdftex.def)             Requested size: 238.0pt x 99.9995pt.
) (./create__non__locking__socket_8h.tex <./create__non__locking__socket_8h__in
cl.pdf

pdfTeX warning: pdflatex (file ./create__non__locking__socket_8h__incl.pdf): PD
F inclusion: multiple pdfs with page group included in a single page
>
<create__non__locking__socket_8h__incl.pdf, id=2590, 381.425pt x 223.83624pt>
File: create__non__locking__socket_8h__incl.pdf Graphic file (type pdf)
<use create__non__locking__socket_8h__incl.pdf>
Package pdftex.def Info: create__non__locking__socket_8h__incl.pdf  used on inp
ut line 13.
(pdftex.def)             Requested size: 350.0pt x 205.40244pt.
[75] <./create__non__locking__socket_8h__dep__incl.pdf>
<create__non__locking__socket_8h__dep__incl.pdf, id=2605, 333.245pt x 234.8775p
t>
File: create__non__locking__socket_8h__dep__incl.pdf Graphic file (type pdf)
<use create__non__locking__socket_8h__dep__incl.pdf>
Package pdftex.def Info: create__non__locking__socket_8h__dep__incl.pdf  used o
n input line 21.
(pdftex.def)             Requested size: 332.0pt x 234.01677pt.
[76]
Underfull \hbox (badness 10000) detected at line 51
[][][]
 []

 <./create__non__locking__socket_8h_a05a7e9ad0559e723ab0bc57c15684854_cgraph.pd
f>
<create__non__locking__socket_8h_a05a7e9ad0559e723ab0bc57c15684854_cgraph.pdf, 
id=2623, 324.21124pt x 111.41624pt>
File: create__non__locking__socket_8h_a05a7e9ad0559e723ab0bc57c15684854_cgraph.
pdf Graphic file (type pdf)
<use create__non__locking__socket_8h_a05a7e9ad0559e723ab0bc57c15684854_cgraph.p
df>
Package pdftex.def Info: create__non__locking__socket_8h_a05a7e9ad0559e723ab0bc
57c15684854_cgraph.pdf  used on input line 98.
(pdftex.def)             Requested size: 323.0pt x 111.00624pt.
 <./create__non__locking__socket_8h_a05a7e9ad0559e723ab0bc57c15684854_icgraph.p
df

pdfTeX warning: pdflatex (file ./create__non__locking__socket_8h_a05a7e9ad0559e
723ab0bc57c15684854_icgraph.pdf): PDF inclusion: multiple pdfs with page group 
included in a single page
>
<create__non__locking__socket_8h_a05a7e9ad0559e723ab0bc57c15684854_icgraph.pdf,
 id=2631, 563.10374pt x 176.66pt>
File: create__non__locking__socket_8h_a05a7e9ad0559e723ab0bc57c15684854_icgraph
.pdf Graphic file (type pdf)
<use create__non__locking__socket_8h_a05a7e9ad0559e723ab0bc57c15684854_icgraph.
pdf>
Package pdftex.def Info: create__non__locking__socket_8h_a05a7e9ad0559e723ab0bc
57c15684854_icgraph.pdf  used on input line 106.
(pdftex.def)             Requested size: 350.0pt x 109.80301pt.
) (./set__nonblocking_8h.tex [77] <./set__nonblocking_8h__incl.pdf>
<set__nonblocking_8h__incl.pdf, id=2647, 211.79124pt x 156.585pt>
File: set__nonblocking_8h__incl.pdf Graphic file (type pdf)
<use set__nonblocking_8h__incl.pdf>
Package pdftex.def Info: set__nonblocking_8h__incl.pdf  used on input line 10.
(pdftex.def)             Requested size: 211.0pt x 156.0064pt.
 <./set__nonblocking_8h__dep__incl.pdf

pdfTeX warning: pdflatex (file ./set__nonblocking_8h__dep__incl.pdf): PDF inclu
sion: multiple pdfs with page group included in a single page
>
<set__nonblocking_8h__dep__incl.pdf, id=2655, 333.245pt x 291.0875pt>
File: set__nonblocking_8h__dep__incl.pdf Graphic file (type pdf)
<use set__nonblocking_8h__dep__incl.pdf>
Package pdftex.def Info: set__nonblocking_8h__dep__incl.pdf  used on input line
 18.
(pdftex.def)             Requested size: 332.0pt x 290.02078pt.
[78] <./set__nonblocking_8h_a6f5a4dea41e37713ff3bdb4975bfa592_icgraph.pdf>
<set__nonblocking_8h_a6f5a4dea41e37713ff3bdb4975bfa592_icgraph.pdf, id=2671, 69
5.59875pt x 176.66pt>
File: set__nonblocking_8h_a6f5a4dea41e37713ff3bdb4975bfa592_icgraph.pdf Graphic
 file (type pdf)
<use set__nonblocking_8h_a6f5a4dea41e37713ff3bdb4975bfa592_icgraph.pdf>
Package pdftex.def Info: set__nonblocking_8h_a6f5a4dea41e37713ff3bdb4975bfa592_
icgraph.pdf  used on input line 58.
(pdftex.def)             Requested size: 350.0pt x 88.88777pt.
) [79] [80] (./refman.ind [81



] [82] [83]) (./refman.aux)

LaTeX Warning: There were multiply-defined labels.

Package rerunfilecheck Info: File `refman.out' has not changed.
(rerunfilecheck)             Checksum: ACDA06248A21CB5DB20F1D4CE27EB341;34812.
 ) 
Here is how much of TeX's memory you used:
 18861 strings out of 480247
 334225 string characters out of 5896151
 629524 words of memory out of 5000000
 35889 multiletter control sequences out of 15000+600000
 529476 words of font info for 101 fonts, out of 8000000 for 9000
 14 hyphenation exceptions out of 8191
 99i,16n,117p,670b,640s stack positions out of 5000i,500n,10000p,200000b,80000s
{/usr/share/texlive/texmf-dist/fonts/enc/dvips/base/8r.enc}</usr/share/texliv
e/texmf-dist/fonts/type1/public/amsfonts/cm/cmmi10.pfb></usr/share/texlive/texm
f-dist/fonts/type1/public/amsfonts/cm/cmmi7.pfb></usr/share/texlive/texmf-dist/
fonts/type1/public/amsfonts/cm/cmmi8.pfb></usr/share/texlive/texmf-dist/fonts/t
ype1/public/amsfonts/cm/cmsy10.pfb></usr/share/texlive/texmf-dist/fonts/type1/p
ublic/amsfonts/cm/cmsy7.pfb></usr/share/texlive/texmf-dist/fonts/type1/public/a
msfonts/cm/cmsy8.pfb></usr/share/texlive/texmf-dist/fonts/type1/urw/courier/ucr
b8a.pfb></usr/share/texlive/texmf-dist/fonts/type1/urw/courier/ucrr8a.pfb></usr
/share/texlive/texmf-dist/fonts/type1/urw/courier/ucrro8a.pfb></usr/share/texli
ve/texmf-dist/fonts/type1/urw/helvetic/uhvb8a.pfb></usr/share/texlive/texmf-dis
t/fonts/type1/urw/helvetic/uhvb8ac.pfb></usr/share/texlive/texmf-dist/fonts/typ
e1/urw/helvetic/uhvr8a.pfb></usr/share/texlive/texmf-dist/fonts/type1/urw/helve
tic/uhvro8a.pfb>
Output written on refman.pdf (91 pages, 841972 bytes).
PDF statistics:
 3099 PDF objects out of 3580 (max. 8388607)
 2671 compressed objects within 27 object streams
 538 named destinations out of 1000 (max. 500000)
 1807 words of extra memory for PDF output out of 10000 (max. 10000000)

